{"/home/travis/build/npmtest/node-npmtest-lz-string/test.js":{"path":"/home/travis/build/npmtest/node-npmtest-lz-string/test.js","s":{"1":2,"2":2,"3":2,"4":2,"5":2,"6":2,"7":2,"8":1,"9":2,"10":2,"11":1,"12":1,"13":1,"14":1,"15":2,"16":2,"17":2,"18":2,"19":1,"20":1,"21":2,"22":2,"23":2,"24":1,"25":1,"26":1,"27":1,"28":1,"29":1,"30":1,"31":1,"32":1,"33":1,"34":1,"35":1,"36":1,"37":1,"38":1,"39":2,"40":2,"41":1,"42":2,"43":2,"44":1,"45":2,"46":2,"47":1,"48":2,"49":2,"50":1,"51":1,"52":1,"53":1,"54":1},"b":{"1":[2,1,1,1],"2":[1,1,1,1],"3":[1,1],"4":[1,1],"5":[1,1],"6":[1,1],"7":[1,1],"8":[1,1],"9":[1,1],"10":[1,1,1],"11":[1,1],"12":[1,1],"13":[1,1],"14":[1,1],"15":[1,1],"16":[1,1],"17":[1,1]},"f":{"1":2,"2":2,"3":2,"4":2,"5":2,"6":1,"7":1,"8":1,"9":2,"10":2,"11":2,"12":2,"13":1},"fnMap":{"1":{"name":"(anonymous_1)","line":12,"loc":{"start":{"line":12,"column":1},"end":{"line":12,"column":13}}},"2":{"name":"(anonymous_2)","line":19,"loc":{"start":{"line":19,"column":5},"end":{"line":19,"column":17}}},"3":{"name":"(anonymous_3)","line":23,"loc":{"start":{"line":23,"column":24},"end":{"line":23,"column":36}}},"4":{"name":"(anonymous_4)","line":61,"loc":{"start":{"line":61,"column":5},"end":{"line":61,"column":17}}},"5":{"name":"(anonymous_5)","line":82,"loc":{"start":{"line":82,"column":5},"end":{"line":82,"column":17}}},"6":{"name":"(anonymous_6)","line":91,"loc":{"start":{"line":91,"column":77},"end":{"line":94,"column":10}}},"7":{"name":"(anonymous_7)","line":112,"loc":{"start":{"line":112,"column":83},"end":{"line":115,"column":10}},"skip":true},"8":{"name":"(anonymous_8)","line":123,"loc":{"start":{"line":123,"column":77},"end":{"line":126,"column":10}},"skip":true},"9":{"name":"(anonymous_9)","line":139,"loc":{"start":{"line":139,"column":12},"end":{"line":139,"column":40}},"skip":true},"10":{"name":"(anonymous_10)","line":147,"loc":{"start":{"line":147,"column":77},"end":{"line":150,"column":10}},"skip":true},"11":{"name":"(anonymous_11)","line":158,"loc":{"start":{"line":158,"column":83},"end":{"line":161,"column":10}},"skip":true},"12":{"name":"(anonymous_12)","line":169,"loc":{"start":{"line":169,"column":79},"end":{"line":172,"column":10}},"skip":true},"13":{"name":"(anonymous_13)","line":180,"loc":{"start":{"line":180,"column":75},"end":{"line":183,"column":10}},"skip":true}},"statementMap":{"1":{"start":{"line":12,"column":0},"end":{"line":195,"column":5}},"2":{"start":{"line":14,"column":4},"end":{"line":14,"column":14}},"3":{"start":{"line":19,"column":4},"end":{"line":56,"column":9}},"4":{"start":{"line":21,"column":8},"end":{"line":21,"column":19}},"5":{"start":{"line":23,"column":8},"end":{"line":35,"column":13}},"6":{"start":{"line":24,"column":12},"end":{"line":34,"column":13}},"7":{"start":{"line":25,"column":16},"end":{"line":28,"column":30}},"8":{"start":{"line":30,"column":16},"end":{"line":33,"column":27}},"9":{"start":{"line":37,"column":8},"end":{"line":39,"column":21}},"10":{"start":{"line":40,"column":8},"end":{"line":53,"column":9}},"11":{"start":{"line":43,"column":12},"end":{"line":46,"column":14}},"12":{"start":{"line":47,"column":12},"end":{"line":47,"column":18}},"13":{"start":{"line":50,"column":12},"end":{"line":51,"column":33}},"14":{"start":{"line":52,"column":12},"end":{"line":52,"column":18}},"15":{"start":{"line":55,"column":8},"end":{"line":55,"column":35}},"16":{"start":{"line":61,"column":4},"end":{"line":63,"column":9}},"17":{"start":{"line":62,"column":8},"end":{"line":62,"column":15}},"18":{"start":{"line":64,"column":4},"end":{"line":77,"column":5}},"19":{"start":{"line":70,"column":8},"end":{"line":70,"column":14}},"20":{"start":{"line":76,"column":8},"end":{"line":76,"column":14}},"21":{"start":{"line":82,"column":4},"end":{"line":84,"column":9}},"22":{"start":{"line":83,"column":8},"end":{"line":83,"column":15}},"23":{"start":{"line":85,"column":4},"end":{"line":194,"column":5}},"24":{"start":{"line":91,"column":8},"end":{"line":99,"column":10}},"25":{"start":{"line":98,"column":12},"end":{"line":98,"column":35}},"26":{"start":{"line":102,"column":8},"end":{"line":104,"column":63}},"27":{"start":{"line":105,"column":8},"end":{"line":105,"column":14}},"28":{"start":{"line":112,"column":8},"end":{"line":121,"column":10},"skip":true},"29":{"start":{"line":119,"column":12},"end":{"line":119,"column":55},"skip":true},"30":{"start":{"line":120,"column":12},"end":{"line":120,"column":48},"skip":true},"31":{"start":{"line":123,"column":8},"end":{"line":136,"column":10},"skip":true},"32":{"start":{"line":130,"column":12},"end":{"line":130,"column":76},"skip":true},"33":{"start":{"line":131,"column":12},"end":{"line":131,"column":73},"skip":true},"34":{"start":{"line":132,"column":12},"end":{"line":132,"column":74},"skip":true},"35":{"start":{"line":133,"column":12},"end":{"line":133,"column":79},"skip":true},"36":{"start":{"line":134,"column":12},"end":{"line":134,"column":25},"skip":true},"37":{"start":{"line":135,"column":12},"end":{"line":135,"column":45},"skip":true},"38":{"start":{"line":138,"column":8},"end":{"line":145,"column":14},"skip":true},"39":{"start":{"line":143,"column":16},"end":{"line":143,"column":29},"skip":true},"40":{"start":{"line":144,"column":16},"end":{"line":144,"column":55},"skip":true},"41":{"start":{"line":147,"column":8},"end":{"line":156,"column":10},"skip":true},"42":{"start":{"line":154,"column":12},"end":{"line":154,"column":25},"skip":true},"43":{"start":{"line":155,"column":12},"end":{"line":155,"column":45},"skip":true},"44":{"start":{"line":158,"column":8},"end":{"line":167,"column":10},"skip":true},"45":{"start":{"line":165,"column":12},"end":{"line":165,"column":25},"skip":true},"46":{"start":{"line":166,"column":12},"end":{"line":166,"column":48},"skip":true},"47":{"start":{"line":169,"column":8},"end":{"line":178,"column":10},"skip":true},"48":{"start":{"line":176,"column":12},"end":{"line":176,"column":25},"skip":true},"49":{"start":{"line":177,"column":12},"end":{"line":177,"column":46},"skip":true},"50":{"start":{"line":180,"column":8},"end":{"line":189,"column":10},"skip":true},"51":{"start":{"line":187,"column":12},"end":{"line":187,"column":94},"skip":true},"52":{"start":{"line":188,"column":12},"end":{"line":188,"column":48},"skip":true},"53":{"start":{"line":192,"column":8},"end":{"line":192,"column":35},"skip":true},"54":{"start":{"line":193,"column":8},"end":{"line":193,"column":14},"skip":true}},"branchMap":{"1":{"line":25,"type":"binary-expr","locations":[{"start":{"line":25,"column":23},"end":{"line":25,"column":62}},{"start":{"line":26,"column":20},"end":{"line":26,"column":70}},{"start":{"line":27,"column":20},"end":{"line":27,"column":71}},{"start":{"line":28,"column":20},"end":{"line":28,"column":29}}]},"2":{"line":30,"type":"binary-expr","locations":[{"start":{"line":30,"column":23},"end":{"line":30,"column":37}},{"start":{"line":31,"column":20},"end":{"line":31,"column":61}},{"start":{"line":32,"column":20},"end":{"line":32,"column":70}},{"start":{"line":33,"column":20},"end":{"line":33,"column":26}}]},"3":{"line":37,"type":"cond-expr","locations":[{"start":{"line":38,"column":14},"end":{"line":38,"column":20}},{"start":{"line":39,"column":14},"end":{"line":39,"column":20}}]},"4":{"line":40,"type":"switch","locations":[{"start":{"line":42,"column":8},"end":{"line":47,"column":18}},{"start":{"line":49,"column":8},"end":{"line":52,"column":18}}]},"5":{"line":44,"type":"binary-expr","locations":[{"start":{"line":44,"column":16},"end":{"line":44,"column":44}},{"start":{"line":44,"column":48},"end":{"line":44,"column":66}}]},"6":{"line":50,"type":"binary-expr","locations":[{"start":{"line":50,"column":21},"end":{"line":50,"column":49}},{"start":{"line":50,"column":53},"end":{"line":50,"column":72}}]},"7":{"line":64,"type":"switch","locations":[{"start":{"line":69,"column":4},"end":{"line":70,"column":14}},{"start":{"line":75,"column":4},"end":{"line":76,"column":14}}]},"8":{"line":85,"type":"switch","locations":[{"start":{"line":90,"column":4},"end":{"line":105,"column":14}},{"start":{"line":111,"column":4},"end":{"line":193,"column":14},"skip":true}]},"9":{"line":91,"type":"binary-expr","locations":[{"start":{"line":91,"column":42},"end":{"line":91,"column":73}},{"start":{"line":91,"column":77},"end":{"line":99,"column":9}}]},"10":{"line":102,"type":"binary-expr","locations":[{"start":{"line":102,"column":18},"end":{"line":102,"column":32}},{"start":{"line":103,"column":12},"end":{"line":103,"column":53}},{"start":{"line":104,"column":12},"end":{"line":104,"column":61}}]},"11":{"line":112,"type":"binary-expr","locations":[{"start":{"line":112,"column":45},"end":{"line":112,"column":79},"skip":true},{"start":{"line":112,"column":83},"end":{"line":121,"column":9},"skip":true}]},"12":{"line":123,"type":"binary-expr","locations":[{"start":{"line":123,"column":42},"end":{"line":123,"column":73},"skip":true},{"start":{"line":123,"column":77},"end":{"line":136,"column":9},"skip":true}]},"13":{"line":138,"type":"binary-expr","locations":[{"start":{"line":138,"column":48},"end":{"line":138,"column":85},"skip":true},{"start":{"line":139,"column":12},"end":{"line":145,"column":13},"skip":true}]},"14":{"line":147,"type":"binary-expr","locations":[{"start":{"line":147,"column":42},"end":{"line":147,"column":73},"skip":true},{"start":{"line":147,"column":77},"end":{"line":156,"column":9},"skip":true}]},"15":{"line":158,"type":"binary-expr","locations":[{"start":{"line":158,"column":45},"end":{"line":158,"column":79},"skip":true},{"start":{"line":158,"column":83},"end":{"line":167,"column":9},"skip":true}]},"16":{"line":169,"type":"binary-expr","locations":[{"start":{"line":169,"column":43},"end":{"line":169,"column":75},"skip":true},{"start":{"line":169,"column":79},"end":{"line":178,"column":9},"skip":true}]},"17":{"line":180,"type":"binary-expr","locations":[{"start":{"line":180,"column":41},"end":{"line":180,"column":71},"skip":true},{"start":{"line":180,"column":75},"end":{"line":189,"column":9},"skip":true}]}},"code":["/* istanbul instrument in package npmtest_lz_string */","/*jslint","    bitwise: true,","    browser: true,","    maxerr: 8,","    maxlen: 96,","    node: true,","    nomen: true,","    regexp: true,","    stupid: true","*/","(function () {","    'use strict';","    var local;","","","","    // run shared js-env code - init-before","    (function () {","        // init local","        local = {};","        // init modeJs","        local.modeJs = (function () {","            try {","                return typeof navigator.userAgent === 'string' &&","                    typeof document.querySelector('body') === 'object' &&","                    typeof XMLHttpRequest.prototype.open === 'function' &&","                    'browser';","            } catch (errorCaughtBrowser) {","                return module.exports &&","                    typeof process.versions.node === 'string' &&","                    typeof require('http').createServer === 'function' &&","                    'node';","            }","        }());","        // init global","        local.global = local.modeJs === 'browser'","            ? window","            : global;","        switch (local.modeJs) {","        // re-init local from window.local","        case 'browser':","            local = local.global.utility2.objectSetDefault(","                local.global.utility2_rollup || local.global.local,","                local.global.utility2","            );","            break;","        // re-init local from example.js","        case 'node':","            local = (local.global.utility2_rollup || require('utility2'))","                .requireReadme();","            break;","        }","        // export local","        local.global.local = local;","    }());","","","","    // run shared js-env code - function","    (function () {","        return;","    }());","    switch (local.modeJs) {","","","","    // run browser js-env code - function","    case 'browser':","        break;","","","","    // run node js-env code - function","    case 'node':","        break;","    }","","","","    // run shared js-env code - init-after","    (function () {","        return;","    }());","    switch (local.modeJs) {","","","","    // run browser js-env code - init-after","    case 'browser':","        local.testCase_browser_nullCase = local.testCase_browser_nullCase || function (","            options,","            onError","        ) {","        /*","         * this function will test browsers's null-case handling-behavior-behavior","         */","            onError(null, options);","        };","","        // run tests","        local.nop(local.modeTest &&","            document.querySelector('#testRunButton1') &&","            document.querySelector('#testRunButton1').click());","        break;","","","","    // run node js-env code - init-after","    /* istanbul ignore next */","    case 'node':","        local.testCase_buildApidoc_default = local.testCase_buildApidoc_default || function (","            options,","            onError","        ) {","        /*","         * this function will test buildApidoc's default handling-behavior-behavior","         */","            options = { modulePathList: module.paths };","            local.buildApidoc(options, onError);","        };","","        local.testCase_buildApp_default = local.testCase_buildApp_default || function (","            options,","            onError","        ) {","        /*","         * this function will test buildApp's default handling-behavior-behavior","         */","            local.testCase_buildReadme_default(options, local.onErrorThrow);","            local.testCase_buildLib_default(options, local.onErrorThrow);","            local.testCase_buildTest_default(options, local.onErrorThrow);","            local.testCase_buildCustomOrg_default(options, local.onErrorThrow);","            options = [];","            local.buildApp(options, onError);","        };","","        local.testCase_buildCustomOrg_default = local.testCase_buildCustomOrg_default ||","            function (options, onError) {","            /*","             * this function will test buildCustomOrg's default handling-behavior","             */","                options = {};","                local.buildCustomOrg(options, onError);","            };","","        local.testCase_buildLib_default = local.testCase_buildLib_default || function (","            options,","            onError","        ) {","        /*","         * this function will test buildLib's default handling-behavior","         */","            options = {};","            local.buildLib(options, onError);","        };","","        local.testCase_buildReadme_default = local.testCase_buildReadme_default || function (","            options,","            onError","        ) {","        /*","         * this function will test buildReadme's default handling-behavior-behavior","         */","            options = {};","            local.buildReadme(options, onError);","        };","","        local.testCase_buildTest_default = local.testCase_buildTest_default || function (","            options,","            onError","        ) {","        /*","         * this function will test buildTest's default handling-behavior","         */","            options = {};","            local.buildTest(options, onError);","        };","","        local.testCase_webpage_default = local.testCase_webpage_default || function (","            options,","            onError","        ) {","        /*","         * this function will test webpage's default handling-behavior","         */","            options = { modeCoverageMerge: true, url: local.serverLocalHost + '?modeTest=1' };","            local.browserTest(options, onError);","        };","","        // run test-server","        local.testRunServer(local);","        break;","    }","}());",""],"l":{"12":2,"14":2,"19":2,"21":2,"23":2,"24":2,"25":2,"30":1,"37":2,"40":2,"43":1,"47":1,"50":1,"52":1,"55":2,"61":2,"62":2,"64":2,"70":1,"76":1,"82":2,"83":2,"85":2,"91":1,"98":1,"102":1,"105":1,"112":1,"119":1,"120":1,"123":1,"130":1,"131":1,"132":1,"133":1,"134":1,"135":1,"138":1,"143":2,"144":2,"147":1,"154":2,"155":2,"158":1,"165":2,"166":2,"169":1,"176":2,"177":2,"180":1,"187":1,"188":1,"192":1,"193":1}},"/home/travis/build/npmtest/node-npmtest-lz-string/lib.npmtest_lz_string.js":{"path":"/home/travis/build/npmtest/node-npmtest-lz-string/lib.npmtest_lz_string.js","s":{"1":2,"2":2,"3":2,"4":2,"5":2,"6":2,"7":2,"8":1,"9":2,"10":2,"11":2,"12":2,"13":1,"14":1,"15":1,"16":1},"b":{"1":[2,1,1,1],"2":[1,1,1,1],"3":[1,1],"4":[2,2],"5":[1,1]},"f":{"1":2,"2":2,"3":2},"fnMap":{"1":{"name":"(anonymous_1)","line":12,"loc":{"start":{"line":12,"column":1},"end":{"line":12,"column":13}}},"2":{"name":"(anonymous_2)","line":19,"loc":{"start":{"line":19,"column":5},"end":{"line":19,"column":17}}},"3":{"name":"(anonymous_3)","line":23,"loc":{"start":{"line":23,"column":24},"end":{"line":23,"column":36}}}},"statementMap":{"1":{"start":{"line":12,"column":0},"end":{"line":53,"column":5}},"2":{"start":{"line":14,"column":4},"end":{"line":14,"column":14}},"3":{"start":{"line":19,"column":4},"end":{"line":52,"column":9}},"4":{"start":{"line":21,"column":8},"end":{"line":21,"column":19}},"5":{"start":{"line":23,"column":8},"end":{"line":35,"column":13}},"6":{"start":{"line":24,"column":12},"end":{"line":34,"column":13}},"7":{"start":{"line":25,"column":16},"end":{"line":28,"column":30}},"8":{"start":{"line":30,"column":16},"end":{"line":33,"column":27}},"9":{"start":{"line":37,"column":8},"end":{"line":39,"column":21}},"10":{"start":{"line":41,"column":8},"end":{"line":41,"column":54}},"11":{"start":{"line":43,"column":8},"end":{"line":43,"column":54}},"12":{"start":{"line":45,"column":8},"end":{"line":51,"column":9}},"13":{"start":{"line":46,"column":12},"end":{"line":46,"column":60}},"14":{"start":{"line":48,"column":12},"end":{"line":48,"column":35}},"15":{"start":{"line":49,"column":12},"end":{"line":49,"column":49}},"16":{"start":{"line":50,"column":12},"end":{"line":50,"column":43}}},"branchMap":{"1":{"line":25,"type":"binary-expr","locations":[{"start":{"line":25,"column":23},"end":{"line":25,"column":62}},{"start":{"line":26,"column":20},"end":{"line":26,"column":70}},{"start":{"line":27,"column":20},"end":{"line":27,"column":71}},{"start":{"line":28,"column":20},"end":{"line":28,"column":29}}]},"2":{"line":30,"type":"binary-expr","locations":[{"start":{"line":30,"column":23},"end":{"line":30,"column":37}},{"start":{"line":31,"column":20},"end":{"line":31,"column":61}},{"start":{"line":32,"column":20},"end":{"line":32,"column":70}},{"start":{"line":33,"column":20},"end":{"line":33,"column":26}}]},"3":{"line":37,"type":"cond-expr","locations":[{"start":{"line":38,"column":14},"end":{"line":38,"column":20}},{"start":{"line":39,"column":14},"end":{"line":39,"column":20}}]},"4":{"line":41,"type":"binary-expr","locations":[{"start":{"line":41,"column":16},"end":{"line":41,"column":44}},{"start":{"line":41,"column":48},"end":{"line":41,"column":53}}]},"5":{"line":45,"type":"if","locations":[{"start":{"line":45,"column":8},"end":{"line":45,"column":8}},{"start":{"line":45,"column":8},"end":{"line":45,"column":8}}]}},"code":["/* istanbul instrument in package npmtest_lz_string */","/*jslint","    bitwise: true,","    browser: true,","    maxerr: 8,","    maxlen: 96,","    node: true,","    nomen: true,","    regexp: true,","    stupid: true","*/","(function () {","    'use strict';","    var local;","","","","    // run shared js-env code - init-before","    (function () {","        // init local","        local = {};","        // init modeJs","        local.modeJs = (function () {","            try {","                return typeof navigator.userAgent === 'string' &&","                    typeof document.querySelector('body') === 'object' &&","                    typeof XMLHttpRequest.prototype.open === 'function' &&","                    'browser';","            } catch (errorCaughtBrowser) {","                return module.exports &&","                    typeof process.versions.node === 'string' &&","                    typeof require('http').createServer === 'function' &&","                    'node';","            }","        }());","        // init global","        local.global = local.modeJs === 'browser'","            ? window","            : global;","        // init utility2_rollup","        local = local.global.utility2_rollup || local;","        // init lib","        local.local = local.npmtest_lz_string = local;","        // init exports","        if (local.modeJs === 'browser') {","            local.global.utility2_npmtest_lz_string = local;","        } else {","            module.exports = local;","            module.exports.__dirname = __dirname;","            module.exports.module = module;","        }","    }());","}());",""],"l":{"12":2,"14":2,"19":2,"21":2,"23":2,"24":2,"25":2,"30":1,"37":2,"41":2,"43":2,"45":2,"46":1,"48":1,"49":1,"50":1}},"/home/travis/build/npmtest/node-npmtest-lz-string/example.js":{"path":"/home/travis/build/npmtest/node-npmtest-lz-string/example.js","s":{"1":2,"2":2,"3":2,"4":2,"5":2,"6":2,"7":2,"8":1,"9":2,"10":2,"11":2,"12":2,"13":1,"14":2,"15":2,"16":2,"17":2,"18":2,"19":0,"20":2,"21":1,"22":1,"23":1,"24":1,"25":1,"26":0,"27":0,"28":1,"29":1,"30":2,"31":0,"32":0,"33":0,"34":1,"35":2,"36":2,"37":3,"38":3,"39":3,"40":3,"41":0,"42":3,"43":3,"44":3,"45":1,"46":3,"47":1,"48":1,"49":1,"50":1,"51":1,"52":1,"53":1,"54":1,"55":1,"56":1,"57":0,"58":1,"59":6,"60":6,"61":1,"62":2,"63":0,"64":2,"65":1,"66":1,"67":0,"68":0,"69":0,"70":0,"71":0,"72":0,"73":0,"74":0,"75":0,"76":0,"77":0,"78":0,"79":0,"80":0,"81":0,"82":0,"83":0},"b":{"1":[2,1,1,1],"2":[1,1,1,1],"3":[1,1],"4":[2,2],"5":[1,1],"6":[1,1],"7":[2,0],"8":[2,1,1,1,1,1],"9":[0,2,0],"10":[1,1],"11":[2,1,1],"12":[1,0],"13":[0,2],"14":[2,0,0,0,0,0,0],"15":[0,3],"16":[3,0],"17":[1,1],"18":[0,1],"19":[1,2,0,2],"20":[1,0],"21":[1,1],"22":[0,0],"23":[0,0],"24":[0,0],"25":[0,0],"26":[0,0],"27":[0,0],"28":[0,0]},"f":{"1":2,"2":2,"3":2,"4":2,"5":2,"6":2,"7":3,"8":3,"9":3,"10":1,"11":6,"12":0},"fnMap":{"1":{"name":"(anonymous_1)","line":26,"loc":{"start":{"line":26,"column":1},"end":{"line":26,"column":13}}},"2":{"name":"(anonymous_2)","line":33,"loc":{"start":{"line":33,"column":5},"end":{"line":33,"column":17}}},"3":{"name":"(anonymous_3)","line":37,"loc":{"start":{"line":37,"column":24},"end":{"line":37,"column":36}}},"4":{"name":"(anonymous_4)","line":69,"loc":{"start":{"line":69,"column":31},"end":{"line":69,"column":48}},"skip":true},"5":{"name":"(anonymous_5)","line":78,"loc":{"start":{"line":78,"column":26},"end":{"line":78,"column":45}},"skip":true},"6":{"name":"(anonymous_6)","line":123,"loc":{"start":{"line":123,"column":33},"end":{"line":123,"column":48}},"skip":true},"7":{"name":"(anonymous_7)","line":125,"loc":{"start":{"line":125,"column":27},"end":{"line":125,"column":39}},"skip":true},"8":{"name":"(anonymous_8)","line":133,"loc":{"start":{"line":133,"column":59},"end":{"line":133,"column":74}},"skip":true},"9":{"name":"(anonymous_9)","line":143,"loc":{"start":{"line":143,"column":45},"end":{"line":143,"column":62}},"skip":true},"10":{"name":"(anonymous_10)","line":144,"loc":{"start":{"line":144,"column":73},"end":{"line":144,"column":92}},"skip":true},"11":{"name":"(anonymous_11)","line":272,"loc":{"start":{"line":272,"column":51},"end":{"line":272,"column":77}},"skip":true},"12":{"name":"(anonymous_12)","line":315,"loc":{"start":{"line":315,"column":32},"end":{"line":315,"column":61}},"skip":true}},"statementMap":{"1":{"start":{"line":26,"column":0},"end":{"line":326,"column":5}},"2":{"start":{"line":28,"column":4},"end":{"line":28,"column":14}},"3":{"start":{"line":33,"column":4},"end":{"line":60,"column":9}},"4":{"start":{"line":35,"column":8},"end":{"line":35,"column":19}},"5":{"start":{"line":37,"column":8},"end":{"line":49,"column":13}},"6":{"start":{"line":38,"column":12},"end":{"line":48,"column":13}},"7":{"start":{"line":39,"column":16},"end":{"line":42,"column":30}},"8":{"start":{"line":44,"column":16},"end":{"line":47,"column":27}},"9":{"start":{"line":51,"column":8},"end":{"line":53,"column":21}},"10":{"start":{"line":55,"column":8},"end":{"line":57,"column":45}},"11":{"start":{"line":59,"column":8},"end":{"line":59,"column":35}},"12":{"start":{"line":61,"column":4},"end":{"line":325,"column":5}},"13":{"start":{"line":69,"column":8},"end":{"line":121,"column":10},"skip":true},"14":{"start":{"line":70,"column":12},"end":{"line":88,"column":13},"skip":true},"15":{"start":{"line":76,"column":16},"end":{"line":87,"column":19},"skip":true},"16":{"start":{"line":79,"column":20},"end":{"line":86,"column":21},"skip":true},"17":{"start":{"line":82,"column":24},"end":{"line":82,"column":43},"skip":true},"18":{"start":{"line":83,"column":24},"end":{"line":83,"column":30},"skip":true},"19":{"start":{"line":85,"column":24},"end":{"line":85,"column":49},"skip":true},"20":{"start":{"line":89,"column":12},"end":{"line":107,"column":13},"skip":true},"21":{"start":{"line":92,"column":16},"end":{"line":102,"column":17},"skip":true},"22":{"start":{"line":93,"column":20},"end":{"line":93,"column":86},"skip":true},"23":{"start":{"line":94,"column":20},"end":{"line":95,"column":45},"skip":true},"24":{"start":{"line":96,"column":20},"end":{"line":96,"column":42},"skip":true},"25":{"start":{"line":97,"column":20},"end":{"line":97,"column":48},"skip":true},"26":{"start":{"line":100,"column":20},"end":{"line":100,"column":85},"skip":true},"27":{"start":{"line":101,"column":20},"end":{"line":101,"column":96},"skip":true},"28":{"start":{"line":103,"column":16},"end":{"line":103,"column":22},"skip":true},"29":{"start":{"line":106,"column":16},"end":{"line":106,"column":22},"skip":true},"30":{"start":{"line":108,"column":12},"end":{"line":120,"column":13},"skip":true},"31":{"start":{"line":114,"column":16},"end":{"line":119,"column":17},"skip":true},"32":{"start":{"line":116,"column":20},"end":{"line":116,"column":78},"skip":true},"33":{"start":{"line":118,"column":20},"end":{"line":118,"column":47},"skip":true},"34":{"start":{"line":123,"column":8},"end":{"line":141,"column":11},"skip":true},"35":{"start":{"line":124,"column":12},"end":{"line":124,"column":54},"skip":true},"36":{"start":{"line":125,"column":12},"end":{"line":140,"column":14},"skip":true},"37":{"start":{"line":126,"column":16},"end":{"line":126,"column":28},"skip":true},"38":{"start":{"line":127,"column":16},"end":{"line":127,"column":69},"skip":true},"39":{"start":{"line":128,"column":16},"end":{"line":128,"column":75},"skip":true},"40":{"start":{"line":129,"column":16},"end":{"line":131,"column":17},"skip":true},"41":{"start":{"line":130,"column":20},"end":{"line":130,"column":27},"skip":true},"42":{"start":{"line":133,"column":16},"end":{"line":137,"column":36},"skip":true},"43":{"start":{"line":134,"column":20},"end":{"line":136,"column":55},"skip":true},"44":{"start":{"line":139,"column":16},"end":{"line":139,"column":57},"skip":true},"45":{"start":{"line":143,"column":8},"end":{"line":147,"column":11},"skip":true},"46":{"start":{"line":144,"column":12},"end":{"line":146,"column":15},"skip":true},"47":{"start":{"line":145,"column":16},"end":{"line":145,"column":70},"skip":true},"48":{"start":{"line":149,"column":8},"end":{"line":149,"column":31},"skip":true},"49":{"start":{"line":150,"column":8},"end":{"line":150,"column":14},"skip":true},"50":{"start":{"line":158,"column":8},"end":{"line":158,"column":31},"skip":true},"51":{"start":{"line":160,"column":8},"end":{"line":160,"column":33},"skip":true},"52":{"start":{"line":161,"column":8},"end":{"line":161,"column":37},"skip":true},"53":{"start":{"line":162,"column":8},"end":{"line":162,"column":35},"skip":true},"54":{"start":{"line":164,"column":8},"end":{"line":164,"column":50},"skip":true},"55":{"start":{"line":166,"column":8},"end":{"line":256,"column":2},"skip":true},"56":{"start":{"line":258,"column":8},"end":{"line":286,"column":9},"skip":true},"57":{"start":{"line":259,"column":12},"end":{"line":269,"column":14},"skip":true},"58":{"start":{"line":271,"column":12},"end":{"line":285,"column":19},"skip":true},"59":{"start":{"line":274,"column":20},"end":{"line":274,"column":35},"skip":true},"60":{"start":{"line":275,"column":20},"end":{"line":284,"column":21},"skip":true},"61":{"start":{"line":277,"column":24},"end":{"line":277,"column":64},"skip":true},"62":{"start":{"line":279,"column":24},"end":{"line":279,"column":40},"skip":true},"63":{"start":{"line":281,"column":24},"end":{"line":281,"column":40},"skip":true},"64":{"start":{"line":283,"column":24},"end":{"line":283,"column":39},"skip":true},"65":{"start":{"line":288,"column":8},"end":{"line":290,"column":9},"skip":true},"66":{"start":{"line":289,"column":12},"end":{"line":289,"column":18},"skip":true},"67":{"start":{"line":291,"column":8},"end":{"line":293,"column":54},"skip":true},"68":{"start":{"line":296,"column":8},"end":{"line":301,"column":37},"skip":true},"69":{"start":{"line":303,"column":8},"end":{"line":303,"column":82},"skip":true},"70":{"start":{"line":306,"column":8},"end":{"line":308,"column":9},"skip":true},"71":{"start":{"line":307,"column":12},"end":{"line":307,"column":82},"skip":true},"72":{"start":{"line":310,"column":8},"end":{"line":312,"column":9},"skip":true},"73":{"start":{"line":311,"column":12},"end":{"line":311,"column":18},"skip":true},"74":{"start":{"line":313,"column":8},"end":{"line":313,"column":54},"skip":true},"75":{"start":{"line":314,"column":8},"end":{"line":314,"column":69},"skip":true},"76":{"start":{"line":315,"column":8},"end":{"line":323,"column":36},"skip":true},"77":{"start":{"line":316,"column":12},"end":{"line":316,"column":61},"skip":true},"78":{"start":{"line":317,"column":12},"end":{"line":320,"column":13},"skip":true},"79":{"start":{"line":318,"column":16},"end":{"line":318,"column":75},"skip":true},"80":{"start":{"line":319,"column":16},"end":{"line":319,"column":23},"skip":true},"81":{"start":{"line":321,"column":12},"end":{"line":321,"column":38},"skip":true},"82":{"start":{"line":322,"column":12},"end":{"line":322,"column":27},"skip":true},"83":{"start":{"line":324,"column":8},"end":{"line":324,"column":14},"skip":true}},"branchMap":{"1":{"line":39,"type":"binary-expr","locations":[{"start":{"line":39,"column":23},"end":{"line":39,"column":62}},{"start":{"line":40,"column":20},"end":{"line":40,"column":70}},{"start":{"line":41,"column":20},"end":{"line":41,"column":71}},{"start":{"line":42,"column":20},"end":{"line":42,"column":29}}]},"2":{"line":44,"type":"binary-expr","locations":[{"start":{"line":44,"column":23},"end":{"line":44,"column":37}},{"start":{"line":45,"column":20},"end":{"line":45,"column":61}},{"start":{"line":46,"column":20},"end":{"line":46,"column":70}},{"start":{"line":47,"column":20},"end":{"line":47,"column":26}}]},"3":{"line":51,"type":"cond-expr","locations":[{"start":{"line":52,"column":14},"end":{"line":52,"column":20}},{"start":{"line":53,"column":14},"end":{"line":53,"column":20}}]},"4":{"line":55,"type":"binary-expr","locations":[{"start":{"line":55,"column":16},"end":{"line":55,"column":44}},{"start":{"line":55,"column":49},"end":{"line":57,"column":43}}]},"5":{"line":55,"type":"cond-expr","locations":[{"start":{"line":56,"column":14},"end":{"line":56,"column":53}},{"start":{"line":57,"column":14},"end":{"line":57,"column":43}}]},"6":{"line":61,"type":"switch","locations":[{"start":{"line":68,"column":4},"end":{"line":150,"column":14},"skip":true},{"start":{"line":156,"column":4},"end":{"line":324,"column":14},"skip":true}]},"7":{"line":70,"type":"if","locations":[{"start":{"line":70,"column":12},"end":{"line":70,"column":12},"skip":true},{"start":{"line":70,"column":12},"end":{"line":70,"column":12},"skip":true}]},"8":{"line":70,"type":"binary-expr","locations":[{"start":{"line":70,"column":16},"end":{"line":70,"column":22},"skip":true},{"start":{"line":70,"column":27},"end":{"line":70,"column":32},"skip":true},{"start":{"line":71,"column":20},"end":{"line":71,"column":39},"skip":true},{"start":{"line":72,"column":20},"end":{"line":72,"column":49},"skip":true},{"start":{"line":73,"column":20},"end":{"line":73,"column":58},"skip":true},{"start":{"line":74,"column":20},"end":{"line":74,"column":69},"skip":true}]},"9":{"line":79,"type":"switch","locations":[{"start":{"line":80,"column":20},"end":{"line":80,"column":33},"skip":true},{"start":{"line":81,"column":20},"end":{"line":83,"column":30},"skip":true},{"start":{"line":84,"column":20},"end":{"line":85,"column":49},"skip":true}]},"10":{"line":89,"type":"switch","locations":[{"start":{"line":90,"column":12},"end":{"line":103,"column":22},"skip":true},{"start":{"line":105,"column":12},"end":{"line":106,"column":22},"skip":true}]},"11":{"line":89,"type":"binary-expr","locations":[{"start":{"line":89,"column":20},"end":{"line":89,"column":25},"skip":true},{"start":{"line":89,"column":29},"end":{"line":89,"column":48},"skip":true},{"start":{"line":89,"column":52},"end":{"line":89,"column":74},"skip":true}]},"12":{"line":92,"type":"if","locations":[{"start":{"line":92,"column":16},"end":{"line":92,"column":16},"skip":true},{"start":{"line":92,"column":16},"end":{"line":92,"column":16},"skip":true}]},"13":{"line":108,"type":"if","locations":[{"start":{"line":108,"column":12},"end":{"line":108,"column":12},"skip":true},{"start":{"line":108,"column":12},"end":{"line":108,"column":12},"skip":true}]},"14":{"line":108,"type":"binary-expr","locations":[{"start":{"line":108,"column":16},"end":{"line":108,"column":61},"skip":true},{"start":{"line":108,"column":66},"end":{"line":108,"column":72},"skip":true},{"start":{"line":108,"column":77},"end":{"line":108,"column":82},"skip":true},{"start":{"line":109,"column":20},"end":{"line":109,"column":39},"skip":true},{"start":{"line":110,"column":20},"end":{"line":110,"column":49},"skip":true},{"start":{"line":111,"column":20},"end":{"line":111,"column":58},"skip":true},{"start":{"line":112,"column":20},"end":{"line":112,"column":68},"skip":true}]},"15":{"line":129,"type":"if","locations":[{"start":{"line":129,"column":16},"end":{"line":129,"column":16},"skip":true},{"start":{"line":129,"column":16},"end":{"line":129,"column":16},"skip":true}]},"16":{"line":134,"type":"cond-expr","locations":[{"start":{"line":135,"column":26},"end":{"line":135,"column":29},"skip":true},{"start":{"line":136,"column":26},"end":{"line":136,"column":54},"skip":true}]},"17":{"line":164,"type":"binary-expr","locations":[{"start":{"line":164,"column":27},"end":{"line":164,"column":43},"skip":true},{"start":{"line":164,"column":47},"end":{"line":164,"column":49},"skip":true}]},"18":{"line":258,"type":"if","locations":[{"start":{"line":258,"column":8},"end":{"line":258,"column":8},"skip":true},{"start":{"line":258,"column":8},"end":{"line":258,"column":8},"skip":true}]},"19":{"line":275,"type":"switch","locations":[{"start":{"line":276,"column":20},"end":{"line":277,"column":64},"skip":true},{"start":{"line":278,"column":20},"end":{"line":279,"column":40},"skip":true},{"start":{"line":280,"column":20},"end":{"line":281,"column":40},"skip":true},{"start":{"line":282,"column":20},"end":{"line":283,"column":39},"skip":true}]},"20":{"line":288,"type":"if","locations":[{"start":{"line":288,"column":8},"end":{"line":288,"column":8},"skip":true},{"start":{"line":288,"column":8},"end":{"line":288,"column":8},"skip":true}]},"21":{"line":288,"type":"binary-expr","locations":[{"start":{"line":288,"column":12},"end":{"line":288,"column":40},"skip":true},{"start":{"line":288,"column":44},"end":{"line":288,"column":67},"skip":true}]},"22":{"line":292,"type":"binary-expr","locations":[{"start":{"line":292,"column":12},"end":{"line":292,"column":50},"skip":true},{"start":{"line":293,"column":12},"end":{"line":293,"column":53},"skip":true}]},"23":{"line":297,"type":"binary-expr","locations":[{"start":{"line":297,"column":12},"end":{"line":297,"column":67},"skip":true},{"start":{"line":298,"column":12},"end":{"line":301,"column":36},"skip":true}]},"24":{"line":303,"type":"binary-expr","locations":[{"start":{"line":303,"column":43},"end":{"line":303,"column":75},"skip":true},{"start":{"line":303,"column":79},"end":{"line":303,"column":81},"skip":true}]},"25":{"line":306,"type":"if","locations":[{"start":{"line":306,"column":8},"end":{"line":306,"column":8},"skip":true},{"start":{"line":306,"column":8},"end":{"line":306,"column":8},"skip":true}]},"26":{"line":310,"type":"if","locations":[{"start":{"line":310,"column":8},"end":{"line":310,"column":8},"skip":true},{"start":{"line":310,"column":8},"end":{"line":310,"column":8},"skip":true}]},"27":{"line":313,"type":"binary-expr","locations":[{"start":{"line":313,"column":27},"end":{"line":313,"column":43},"skip":true},{"start":{"line":313,"column":47},"end":{"line":313,"column":53},"skip":true}]},"28":{"line":317,"type":"if","locations":[{"start":{"line":317,"column":12},"end":{"line":317,"column":12},"skip":true},{"start":{"line":317,"column":12},"end":{"line":317,"column":12},"skip":true}]}},"code":["/*","example.js","","quickstart example","","instruction","    1. save this script as example.js","    2. run the shell command:","        $ npm install npmtest-lz-string && PORT=8081 node example.js","    3. play with the browser-demo on http://127.0.0.1:8081","*/","","","","/* istanbul instrument in package npmtest_lz_string */","/*jslint","    bitwise: true,","    browser: true,","    maxerr: 8,","    maxlen: 96,","    node: true,","    nomen: true,","    regexp: true,","    stupid: true","*/","(function () {","    'use strict';","    var local;","","","","    // run shared js-env code - init-before","    (function () {","        // init local","        local = {};","        // init modeJs","        local.modeJs = (function () {","            try {","                return typeof navigator.userAgent === 'string' &&","                    typeof document.querySelector('body') === 'object' &&","                    typeof XMLHttpRequest.prototype.open === 'function' &&","                    'browser';","            } catch (errorCaughtBrowser) {","                return module.exports &&","                    typeof process.versions.node === 'string' &&","                    typeof require('http').createServer === 'function' &&","                    'node';","            }","        }());","        // init global","        local.global = local.modeJs === 'browser'","            ? window","            : global;","        // init utility2_rollup","        local = local.global.utility2_rollup || (local.modeJs === 'browser'","            ? local.global.utility2_npmtest_lz_string","            : global.utility2_moduleExports);","        // export local","        local.global.local = local;","    }());","    switch (local.modeJs) {","","","","    // init-after","    // run browser js-env code - init-after","    /* istanbul ignore next */","    case 'browser':","        local.testRunBrowser = function (event) {","            if (!event || (event &&","                    event.currentTarget &&","                    event.currentTarget.className &&","                    event.currentTarget.className.includes &&","                    event.currentTarget.className.includes('onreset'))) {","                // reset output","                Array.from(","                    document.querySelectorAll('body > .resettable')","                ).forEach(function (element) {","                    switch (element.tagName) {","                    case 'INPUT':","                    case 'TEXTAREA':","                        element.value = '';","                        break;","                    default:","                        element.textContent = '';","                    }","                });","            }","            switch (event && event.currentTarget && event.currentTarget.id) {","            case 'testRunButton1':","                // show tests","                if (document.querySelector('#testReportDiv1').style.display === 'none') {","                    document.querySelector('#testReportDiv1').style.display = 'block';","                    document.querySelector('#testRunButton1').textContent =","                        'hide internal test';","                    local.modeTest = true;","                    local.testRunDefault(local);","                // hide tests","                } else {","                    document.querySelector('#testReportDiv1').style.display = 'none';","                    document.querySelector('#testRunButton1').textContent = 'run internal test';","                }","                break;","            // custom-case","            default:","                break;","            }","            if (document.querySelector('#inputTextareaEval1') && (!event || (event &&","                    event.currentTarget &&","                    event.currentTarget.className &&","                    event.currentTarget.className.includes &&","                    event.currentTarget.className.includes('oneval')))) {","                // try to eval input-code","                try {","                    /*jslint evil: true*/","                    eval(document.querySelector('#inputTextareaEval1').value);","                } catch (errorCaught) {","                    console.error(errorCaught);","                }","            }","        };","        // log stderr and stdout to #outputTextareaStdout1","        ['error', 'log'].forEach(function (key) {","            console[key + '_original'] = console[key];","            console[key] = function () {","                var element;","                console[key + '_original'].apply(console, arguments);","                element = document.querySelector('#outputTextareaStdout1');","                if (!element) {","                    return;","                }","                // append text to #outputTextareaStdout1","                element.value += Array.from(arguments).map(function (arg) {","                    return typeof arg === 'string'","                        ? arg","                        : JSON.stringify(arg, null, 4);","                }).join(' ') + '\\n';","                // scroll textarea to bottom","                element.scrollTop = element.scrollHeight;","            };","        });","        // init event-handling","        ['change', 'click', 'keyup'].forEach(function (event) {","            Array.from(document.querySelectorAll('.on' + event)).forEach(function (element) {","                element.addEventListener(event, local.testRunBrowser);","            });","        });","        // run tests","        local.testRunBrowser();","        break;","","","","    // run node js-env code - init-after","    /* istanbul ignore next */","    case 'node':","        // export local","        module.exports = local;","        // require modules","        local.fs = require('fs');","        local.http = require('http');","        local.url = require('url');","        // init assets","        local.assetsDict = local.assetsDict || {};","        /* jslint-ignore-begin */","        local.assetsDict['/assets.index.template.html'] = '\\","<!doctype html>\\n\\","<html lang=\"en\">\\n\\","<head>\\n\\","<meta charset=\"UTF-8\">\\n\\","<meta name=\"viewport\" content=\"width=device-width, initial-scale=1\">\\n\\","<title>{{env.npm_package_name}} (v{{env.npm_package_version}})</title>\\n\\","<style>\\n\\","/*csslint\\n\\","    box-sizing: false,\\n\\","    universal-selector: false\\n\\","*/\\n\\","* {\\n\\","    box-sizing: border-box;\\n\\","}\\n\\","body {\\n\\","    background: #dde;\\n\\","    font-family: Arial, Helvetica, sans-serif;\\n\\","    margin: 2rem;\\n\\","}\\n\\","body > * {\\n\\","    margin-bottom: 1rem;\\n\\","}\\n\\",".utility2FooterDiv {\\n\\","    margin-top: 20px;\\n\\","    text-align: center;\\n\\","}\\n\\","</style>\\n\\","<style>\\n\\","/*csslint\\n\\","*/\\n\\","textarea {\\n\\","    font-family: monospace;\\n\\","    height: 10rem;\\n\\","    width: 100%;\\n\\","}\\n\\","textarea[readonly] {\\n\\","    background: #ddd;\\n\\","}\\n\\","</style>\\n\\","</head>\\n\\","<body>\\n\\","<!-- utility2-comment\\n\\","<div id=\"ajaxProgressDiv1\" style=\"background: #d00; height: 2px; left: 0; margin: 0; padding: 0; position: fixed; top: 0; transition: background 0.5s, width 1.5s; width: 25%;\"></div>\\n\\","utility2-comment -->\\n\\","<h1>\\n\\","<!-- utility2-comment\\n\\","    <a\\n\\","        {{#if env.npm_package_homepage}}\\n\\","        href=\"{{env.npm_package_homepage}}\"\\n\\","        {{/if env.npm_package_homepage}}\\n\\","        target=\"_blank\"\\n\\","    >\\n\\","utility2-comment -->\\n\\","        {{env.npm_package_name}} (v{{env.npm_package_version}})\\n\\","<!-- utility2-comment\\n\\","    </a>\\n\\","utility2-comment -->\\n\\","</h1>\\n\\","<h3>{{env.npm_package_description}}</h3>\\n\\","<!-- utility2-comment\\n\\","<h4><a download href=\"assets.app.js\">download standalone app</a></h4>\\n\\","<button class=\"onclick onreset\" id=\"testRunButton1\">run internal test</button><br>\\n\\","<div id=\"testReportDiv1\" style=\"display: none;\"></div>\\n\\","utility2-comment -->\\n\\","\\n\\","\\n\\","\\n\\","<label>stderr and stdout</label>\\n\\","<textarea class=\"resettable\" id=\"outputTextareaStdout1\" readonly></textarea>\\n\\","<!-- utility2-comment\\n\\","{{#if isRollup}}\\n\\","<script src=\"assets.app.js\"></script>\\n\\","{{#unless isRollup}}\\n\\","utility2-comment -->\\n\\","<script src=\"assets.utility2.rollup.js\"></script>\\n\\","<script src=\"jsonp.utility2._stateInit?callback=window.utility2._stateInit\"></script>\\n\\","<script src=\"assets.npmtest_lz_string.rollup.js\"></script>\\n\\","<script src=\"assets.example.js\"></script>\\n\\","<script src=\"assets.test.js\"></script>\\n\\","<!-- utility2-comment\\n\\","{{/if isRollup}}\\n\\","utility2-comment -->\\n\\","<div class=\"utility2FooterDiv\">\\n\\","    [ this app was created with\\n\\","    <a href=\"https://github.com/kaizhu256/node-utility2\" target=\"_blank\">utility2</a>\\n\\","    ]\\n\\","</div>\\n\\","</body>\\n\\","</html>\\n\\","';","        /* jslint-ignore-end */","        if (local.templateRender) {","            local.assetsDict['/'] = local.templateRender(","                local.assetsDict['/assets.index.template.html'],","                {","                    env: local.objectSetDefault(local.env, {","                        npm_package_description: 'the greatest app in the world!',","                        npm_package_name: 'my-app',","                        npm_package_nameAlias: 'my_app',","                        npm_package_version: '0.0.1'","                    })","                }","            );","        } else {","            local.assetsDict['/'] = local.assetsDict['/assets.index.template.html']","                .replace((/\\{\\{env\\.(\\w+?)\\}\\}/g), function (match0, match1) {","                    // jslint-hack","                    String(match0);","                    switch (match1) {","                    case 'npm_package_description':","                        return 'the greatest app in the world!';","                    case 'npm_package_name':","                        return 'my-app';","                    case 'npm_package_nameAlias':","                        return 'my_app';","                    case 'npm_package_version':","                        return '0.0.1';","                    }","                });","        }","        // run the cli","        if (local.global.utility2_rollup || module !== require.main) {","            break;","        }","        local.assetsDict['/assets.example.js'] =","            local.assetsDict['/assets.example.js'] ||","            local.fs.readFileSync(__filename, 'utf8');","        // bug-workaround - long $npm_package_buildCustomOrg","        /* jslint-ignore-begin */","        local.assetsDict['/assets.npmtest_lz_string.rollup.js'] =","            local.assetsDict['/assets.npmtest_lz_string.rollup.js'] ||","            local.fs.readFileSync(","                local.npmtest_lz_string.__dirname + '/lib.npmtest_lz_string.js',","                'utf8'","            ).replace((/^#!/), '//');","        /* jslint-ignore-end */","        local.assetsDict['/favicon.ico'] = local.assetsDict['/favicon.ico'] || '';","        // if $npm_config_timeout_exit exists,","        // then exit this process after $npm_config_timeout_exit ms","        if (Number(process.env.npm_config_timeout_exit)) {","            setTimeout(process.exit, Number(process.env.npm_config_timeout_exit));","        }","        // start server","        if (local.global.utility2_serverHttp1) {","            break;","        }","        process.env.PORT = process.env.PORT || '8081';","        console.error('server starting on port ' + process.env.PORT);","        local.http.createServer(function (request, response) {","            request.urlParsed = local.url.parse(request.url);","            if (local.assetsDict[request.urlParsed.pathname] !== undefined) {","                response.end(local.assetsDict[request.urlParsed.pathname]);","                return;","            }","            response.statusCode = 404;","            response.end();","        }).listen(process.env.PORT);","        break;","    }","}());",""],"l":{"26":2,"28":2,"33":2,"35":2,"37":2,"38":2,"39":2,"44":1,"51":2,"55":2,"59":2,"61":2,"69":1,"70":2,"76":2,"79":2,"82":2,"83":2,"85":1,"89":2,"92":1,"93":1,"94":1,"96":1,"97":1,"100":1,"101":1,"103":1,"106":1,"108":2,"114":1,"116":1,"118":1,"123":1,"124":2,"125":2,"126":3,"127":3,"128":3,"129":3,"130":1,"133":3,"134":3,"139":3,"143":1,"144":3,"145":1,"149":1,"150":1,"158":1,"160":1,"161":1,"162":1,"164":1,"166":1,"258":1,"259":1,"271":1,"274":6,"275":6,"277":1,"279":2,"281":1,"283":2,"288":1,"289":1,"291":1,"296":1,"303":1,"306":1,"307":1,"310":1,"311":1,"313":1,"314":1,"315":1,"316":1,"317":1,"318":1,"319":1,"321":1,"322":1,"324":1}},"/home/travis/build/npmtest/node-npmtest-lz-string/node_modules/lz-string/libs/lz-string.js":{"path":"/home/travis/build/npmtest/node-npmtest-lz-string/node_modules/lz-string/libs/lz-string.js","s":{"1":1,"2":1,"3":1,"4":1,"5":1,"6":1,"7":0,"8":0,"9":0,"10":0,"11":0,"12":1,"13":0,"14":0,"15":0,"16":0,"17":0,"18":0,"19":0,"20":0,"21":0,"22":0,"23":0,"24":0,"25":0,"26":0,"27":0,"28":0,"29":0,"30":0,"31":0,"32":0,"33":0,"34":0,"35":0,"36":0,"37":0,"38":0,"39":0,"40":0,"41":0,"42":0,"43":0,"44":0,"45":0,"46":0,"47":0,"48":0,"49":0,"50":0,"51":0,"52":0,"53":0,"54":0,"55":0,"56":0,"57":0,"58":0,"59":0,"60":0,"61":0,"62":0,"63":0,"64":0,"65":0,"66":0,"67":0,"68":0,"69":0,"70":0,"71":0,"72":0,"73":0,"74":0,"75":0,"76":0,"77":0,"78":0,"79":0,"80":0,"81":0,"82":0,"83":0,"84":0,"85":0,"86":0,"87":0,"88":0,"89":0,"90":0,"91":0,"92":0,"93":0,"94":0,"95":0,"96":0,"97":0,"98":0,"99":0,"100":0,"101":0,"102":0,"103":0,"104":0,"105":0,"106":0,"107":0,"108":0,"109":0,"110":0,"111":0,"112":0,"113":0,"114":0,"115":0,"116":0,"117":0,"118":0,"119":0,"120":0,"121":0,"122":0,"123":0,"124":0,"125":0,"126":0,"127":0,"128":0,"129":0,"130":0,"131":0,"132":0,"133":0,"134":0,"135":0,"136":0,"137":0,"138":0,"139":0,"140":0,"141":0,"142":0,"143":0,"144":0,"145":0,"146":0,"147":0,"148":0,"149":0,"150":0,"151":0,"152":0,"153":0,"154":0,"155":0,"156":0,"157":0,"158":0,"159":0,"160":0,"161":0,"162":0,"163":0,"164":0,"165":0,"166":0,"167":0,"168":0,"169":0,"170":0,"171":0,"172":0,"173":0,"174":0,"175":0,"176":0,"177":0,"178":0,"179":0,"180":0,"181":0,"182":0,"183":0,"184":0,"185":0,"186":0,"187":0,"188":0,"189":0,"190":0,"191":0,"192":0,"193":0,"194":0,"195":0,"196":0,"197":0,"198":0,"199":0,"200":0,"201":0,"202":0,"203":0,"204":0,"205":0,"206":0,"207":0,"208":0,"209":0,"210":0,"211":0,"212":0,"213":0,"214":0,"215":0,"216":0,"217":0,"218":0,"219":0,"220":0,"221":0,"222":0,"223":0,"224":0,"225":0,"226":0,"227":0,"228":0,"229":0,"230":0,"231":0,"232":0,"233":0,"234":0,"235":0,"236":0,"237":0,"238":0,"239":0,"240":0,"241":0,"242":0,"243":0,"244":0,"245":0,"246":0,"247":0,"248":0,"249":0,"250":0,"251":0,"252":0,"253":0,"254":0,"255":0,"256":0,"257":0,"258":0,"259":0,"260":0,"261":0,"262":0,"263":0,"264":0,"265":0,"266":0,"267":0,"268":0,"269":0,"270":0,"271":0,"272":0,"273":0,"274":0,"275":0,"276":0,"277":0,"278":0,"279":0,"280":0,"281":0,"282":0,"283":0,"284":0,"285":0,"286":0,"287":0,"288":0,"289":0,"290":0,"291":0,"292":0,"293":0,"294":0,"295":0,"296":0,"297":0,"298":0,"299":0,"300":0,"301":0,"302":0,"303":0,"304":0,"305":0,"306":0,"307":0,"308":0,"309":0,"310":0,"311":0,"312":0,"313":0,"314":0,"315":0,"316":0,"317":1,"318":1,"319":0,"320":0,"321":1,"322":1},"b":{"1":[0,0],"2":[0,0],"3":[0,0,0,0,0],"4":[0,0],"5":[0,0],"6":[0,0],"7":[0,0],"8":[0,0],"9":[0,0],"10":[0,0],"11":[0,0],"12":[0,0],"13":[0,0],"14":[0,0],"15":[0,0],"16":[0,0],"17":[0,0],"18":[0,0],"19":[0,0],"20":[0,0],"21":[0,0],"22":[0,0],"23":[0,0],"24":[0,0],"25":[0,0],"26":[0,0],"27":[0,0],"28":[0,0],"29":[0,0],"30":[0,0],"31":[0,0],"32":[0,0],"33":[0,0],"34":[0,0],"35":[0,0],"36":[0,0],"37":[0,0],"38":[0,0],"39":[0,0],"40":[0,0],"41":[0,0],"42":[0,0,0],"43":[0,0],"44":[0,0],"45":[0,0],"46":[0,0],"47":[0,0],"48":[0,0],"49":[0,0],"50":[0,0,0],"51":[0,0],"52":[0,0],"53":[0,0],"54":[0,0],"55":[0,0],"56":[0,0],"57":[0,0],"58":[0,0],"59":[0,1],"60":[1,0],"61":[1,0],"62":[1,1]},"f":{"1":1,"2":0,"3":0,"4":0,"5":0,"6":0,"7":0,"8":0,"9":0,"10":0,"11":0,"12":0,"13":0,"14":0,"15":0,"16":0,"17":0,"18":0,"19":0,"20":0,"21":0,"22":0,"23":0,"24":0},"fnMap":{"1":{"name":"(anonymous_1)","line":10,"loc":{"start":{"line":10,"column":16},"end":{"line":10,"column":27}}},"2":{"name":"getBaseValue","line":18,"loc":{"start":{"line":18,"column":0},"end":{"line":18,"column":43}}},"3":{"name":"(anonymous_3)","line":29,"loc":{"start":{"line":29,"column":21},"end":{"line":29,"column":38}}},"4":{"name":"(anonymous_4)","line":31,"loc":{"start":{"line":31,"column":43},"end":{"line":31,"column":54}}},"5":{"name":"(anonymous_5)","line":41,"loc":{"start":{"line":41,"column":25},"end":{"line":41,"column":42}}},"6":{"name":"(anonymous_6)","line":44,"loc":{"start":{"line":44,"column":50},"end":{"line":44,"column":66}}},"7":{"name":"(anonymous_7)","line":47,"loc":{"start":{"line":47,"column":20},"end":{"line":47,"column":37}}},"8":{"name":"(anonymous_8)","line":49,"loc":{"start":{"line":49,"column":41},"end":{"line":49,"column":52}}},"9":{"name":"(anonymous_9)","line":52,"loc":{"start":{"line":52,"column":23},"end":{"line":52,"column":45}}},"10":{"name":"(anonymous_10)","line":55,"loc":{"start":{"line":55,"column":58},"end":{"line":55,"column":74}}},"11":{"name":"(anonymous_11)","line":59,"loc":{"start":{"line":59,"column":24},"end":{"line":59,"column":48}}},"12":{"name":"(anonymous_12)","line":72,"loc":{"start":{"line":72,"column":27},"end":{"line":72,"column":49}}},"13":{"name":"(anonymous_13)","line":82,"loc":{"start":{"line":82,"column":20},"end":{"line":82,"column":33}}},"14":{"name":"(anonymous_14)","line":93,"loc":{"start":{"line":93,"column":33},"end":{"line":93,"column":50}}},"15":{"name":"(anonymous_15)","line":95,"loc":{"start":{"line":95,"column":40},"end":{"line":95,"column":51}}},"16":{"name":"(anonymous_16)","line":99,"loc":{"start":{"line":99,"column":36},"end":{"line":99,"column":53}}},"17":{"name":"(anonymous_17)","line":103,"loc":{"start":{"line":103,"column":50},"end":{"line":103,"column":66}}},"18":{"name":"(anonymous_18)","line":106,"loc":{"start":{"line":106,"column":12},"end":{"line":106,"column":36}}},"19":{"name":"(anonymous_19)","line":107,"loc":{"start":{"line":107,"column":48},"end":{"line":107,"column":59}}},"20":{"name":"(anonymous_20)","line":109,"loc":{"start":{"line":109,"column":13},"end":{"line":109,"column":66}}},"21":{"name":"(anonymous_21)","line":326,"loc":{"start":{"line":326,"column":14},"end":{"line":326,"column":36}}},"22":{"name":"(anonymous_22)","line":329,"loc":{"start":{"line":329,"column":58},"end":{"line":329,"column":74}}},"23":{"name":"(anonymous_23)","line":332,"loc":{"start":{"line":332,"column":15},"end":{"line":332,"column":59}}},"24":{"name":"(anonymous_24)","line":498,"loc":{"start":{"line":498,"column":9},"end":{"line":498,"column":21}}}},"statementMap":{"1":{"start":{"line":10,"column":0},"end":{"line":495,"column":5}},"2":{"start":{"line":13,"column":0},"end":{"line":13,"column":28}},"3":{"start":{"line":14,"column":0},"end":{"line":14,"column":87}},"4":{"start":{"line":15,"column":0},"end":{"line":15,"column":88}},"5":{"start":{"line":16,"column":0},"end":{"line":16,"column":24}},"6":{"start":{"line":18,"column":0},"end":{"line":26,"column":1}},"7":{"start":{"line":19,"column":2},"end":{"line":24,"column":3}},"8":{"start":{"line":20,"column":4},"end":{"line":20,"column":34}},"9":{"start":{"line":21,"column":4},"end":{"line":23,"column":5}},"10":{"start":{"line":22,"column":6},"end":{"line":22,"column":55}},"11":{"start":{"line":25,"column":2},"end":{"line":25,"column":45}},"12":{"start":{"line":28,"column":0},"end":{"line":493,"column":2}},"13":{"start":{"line":30,"column":4},"end":{"line":30,"column":33}},"14":{"start":{"line":30,"column":23},"end":{"line":30,"column":33}},"15":{"start":{"line":31,"column":4},"end":{"line":31,"column":88}},"16":{"start":{"line":31,"column":55},"end":{"line":31,"column":85}},"17":{"start":{"line":32,"column":4},"end":{"line":38,"column":5}},"18":{"start":{"line":34,"column":13},"end":{"line":34,"column":24}},"19":{"start":{"line":35,"column":13},"end":{"line":35,"column":30}},"20":{"start":{"line":36,"column":13},"end":{"line":36,"column":29}},"21":{"start":{"line":37,"column":13},"end":{"line":37,"column":28}},"22":{"start":{"line":42,"column":4},"end":{"line":42,"column":33}},"23":{"start":{"line":42,"column":23},"end":{"line":42,"column":33}},"24":{"start":{"line":43,"column":4},"end":{"line":43,"column":33}},"25":{"start":{"line":43,"column":21},"end":{"line":43,"column":33}},"26":{"start":{"line":44,"column":4},"end":{"line":44,"column":127}},"27":{"start":{"line":44,"column":68},"end":{"line":44,"column":123}},"28":{"start":{"line":48,"column":4},"end":{"line":48,"column":33}},"29":{"start":{"line":48,"column":23},"end":{"line":48,"column":33}},"30":{"start":{"line":49,"column":4},"end":{"line":49,"column":77}},"31":{"start":{"line":49,"column":53},"end":{"line":49,"column":68}},"32":{"start":{"line":53,"column":4},"end":{"line":53,"column":38}},"33":{"start":{"line":53,"column":28},"end":{"line":53,"column":38}},"34":{"start":{"line":54,"column":4},"end":{"line":54,"column":38}},"35":{"start":{"line":54,"column":26},"end":{"line":54,"column":38}},"36":{"start":{"line":55,"column":4},"end":{"line":55,"column":121}},"37":{"start":{"line":55,"column":76},"end":{"line":55,"column":117}},"38":{"start":{"line":60,"column":4},"end":{"line":60,"column":53}},"39":{"start":{"line":61,"column":4},"end":{"line":61,"column":48}},"40":{"start":{"line":63,"column":4},"end":{"line":67,"column":5}},"41":{"start":{"line":64,"column":6},"end":{"line":64,"column":51}},"42":{"start":{"line":65,"column":6},"end":{"line":65,"column":37}},"43":{"start":{"line":66,"column":6},"end":{"line":66,"column":39}},"44":{"start":{"line":68,"column":4},"end":{"line":68,"column":15}},"45":{"start":{"line":73,"column":4},"end":{"line":87,"column":5}},"46":{"start":{"line":74,"column":8},"end":{"line":74,"column":47}},"47":{"start":{"line":76,"column":8},"end":{"line":76,"column":47}},"48":{"start":{"line":77,"column":8},"end":{"line":79,"column":9}},"49":{"start":{"line":78,"column":10},"end":{"line":78,"column":55}},"50":{"start":{"line":81,"column":8},"end":{"line":81,"column":24}},"51":{"start":{"line":82,"column":8},"end":{"line":84,"column":11}},"52":{"start":{"line":83,"column":10},"end":{"line":83,"column":28}},"53":{"start":{"line":85,"column":8},"end":{"line":85,"column":52}},"54":{"start":{"line":94,"column":4},"end":{"line":94,"column":33}},"55":{"start":{"line":94,"column":23},"end":{"line":94,"column":33}},"56":{"start":{"line":95,"column":4},"end":{"line":95,"column":86}},"57":{"start":{"line":95,"column":52},"end":{"line":95,"column":83}},"58":{"start":{"line":100,"column":4},"end":{"line":100,"column":33}},"59":{"start":{"line":100,"column":23},"end":{"line":100,"column":33}},"60":{"start":{"line":101,"column":4},"end":{"line":101,"column":33}},"61":{"start":{"line":101,"column":21},"end":{"line":101,"column":33}},"62":{"start":{"line":102,"column":4},"end":{"line":102,"column":37}},"63":{"start":{"line":103,"column":4},"end":{"line":103,"column":128}},"64":{"start":{"line":103,"column":68},"end":{"line":103,"column":124}},"65":{"start":{"line":107,"column":4},"end":{"line":107,"column":75}},"66":{"start":{"line":107,"column":60},"end":{"line":107,"column":72}},"67":{"start":{"line":110,"column":4},"end":{"line":110,"column":40}},"68":{"start":{"line":110,"column":30},"end":{"line":110,"column":40}},"69":{"start":{"line":111,"column":4},"end":{"line":123,"column":11}},"70":{"start":{"line":125,"column":4},"end":{"line":217,"column":5}},"71":{"start":{"line":126,"column":6},"end":{"line":126,"column":42}},"72":{"start":{"line":127,"column":6},"end":{"line":130,"column":7}},"73":{"start":{"line":128,"column":8},"end":{"line":128,"column":59}},"74":{"start":{"line":129,"column":8},"end":{"line":129,"column":53}},"75":{"start":{"line":132,"column":6},"end":{"line":132,"column":41}},"76":{"start":{"line":133,"column":6},"end":{"line":216,"column":7}},"77":{"start":{"line":134,"column":8},"end":{"line":134,"column":31}},"78":{"start":{"line":136,"column":8},"end":{"line":207,"column":9}},"79":{"start":{"line":137,"column":10},"end":{"line":185,"column":11}},"80":{"start":{"line":138,"column":12},"end":{"line":147,"column":13}},"81":{"start":{"line":139,"column":14},"end":{"line":139,"column":57}},"82":{"start":{"line":140,"column":14},"end":{"line":146,"column":15}},"83":{"start":{"line":141,"column":16},"end":{"line":141,"column":42}},"84":{"start":{"line":142,"column":16},"end":{"line":142,"column":68}},"85":{"start":{"line":143,"column":16},"end":{"line":143,"column":37}},"86":{"start":{"line":145,"column":16},"end":{"line":145,"column":40}},"87":{"start":{"line":148,"column":12},"end":{"line":148,"column":44}},"88":{"start":{"line":149,"column":12},"end":{"line":159,"column":13}},"89":{"start":{"line":150,"column":14},"end":{"line":150,"column":69}},"90":{"start":{"line":151,"column":14},"end":{"line":157,"column":15}},"91":{"start":{"line":152,"column":16},"end":{"line":152,"column":42}},"92":{"start":{"line":153,"column":16},"end":{"line":153,"column":68}},"93":{"start":{"line":154,"column":16},"end":{"line":154,"column":37}},"94":{"start":{"line":156,"column":16},"end":{"line":156,"column":40}},"95":{"start":{"line":158,"column":14},"end":{"line":158,"column":33}},"96":{"start":{"line":161,"column":12},"end":{"line":161,"column":22}},"97":{"start":{"line":162,"column":12},"end":{"line":172,"column":13}},"98":{"start":{"line":163,"column":14},"end":{"line":163,"column":65}},"99":{"start":{"line":164,"column":14},"end":{"line":170,"column":15}},"100":{"start":{"line":165,"column":16},"end":{"line":165,"column":42}},"101":{"start":{"line":166,"column":16},"end":{"line":166,"column":68}},"102":{"start":{"line":167,"column":16},"end":{"line":167,"column":37}},"103":{"start":{"line":169,"column":16},"end":{"line":169,"column":40}},"104":{"start":{"line":171,"column":14},"end":{"line":171,"column":24}},"105":{"start":{"line":173,"column":12},"end":{"line":173,"column":44}},"106":{"start":{"line":174,"column":12},"end":{"line":184,"column":13}},"107":{"start":{"line":175,"column":14},"end":{"line":175,"column":69}},"108":{"start":{"line":176,"column":14},"end":{"line":182,"column":15}},"109":{"start":{"line":177,"column":16},"end":{"line":177,"column":42}},"110":{"start":{"line":178,"column":16},"end":{"line":178,"column":68}},"111":{"start":{"line":179,"column":16},"end":{"line":179,"column":37}},"112":{"start":{"line":181,"column":16},"end":{"line":181,"column":40}},"113":{"start":{"line":183,"column":14},"end":{"line":183,"column":33}},"114":{"start":{"line":186,"column":10},"end":{"line":186,"column":30}},"115":{"start":{"line":187,"column":10},"end":{"line":190,"column":11}},"116":{"start":{"line":188,"column":12},"end":{"line":188,"column":61}},"117":{"start":{"line":189,"column":12},"end":{"line":189,"column":30}},"118":{"start":{"line":191,"column":10},"end":{"line":191,"column":55}},"119":{"start":{"line":193,"column":10},"end":{"line":193,"column":48}},"120":{"start":{"line":194,"column":10},"end":{"line":204,"column":11}},"121":{"start":{"line":195,"column":12},"end":{"line":195,"column":67}},"122":{"start":{"line":196,"column":12},"end":{"line":202,"column":13}},"123":{"start":{"line":197,"column":14},"end":{"line":197,"column":40}},"124":{"start":{"line":198,"column":14},"end":{"line":198,"column":66}},"125":{"start":{"line":199,"column":14},"end":{"line":199,"column":35}},"126":{"start":{"line":201,"column":14},"end":{"line":201,"column":38}},"127":{"start":{"line":203,"column":12},"end":{"line":203,"column":31}},"128":{"start":{"line":208,"column":8},"end":{"line":208,"column":28}},"129":{"start":{"line":209,"column":8},"end":{"line":212,"column":9}},"130":{"start":{"line":210,"column":10},"end":{"line":210,"column":59}},"131":{"start":{"line":211,"column":10},"end":{"line":211,"column":28}},"132":{"start":{"line":214,"column":8},"end":{"line":214,"column":60}},"133":{"start":{"line":215,"column":8},"end":{"line":215,"column":38}},"134":{"start":{"line":220,"column":4},"end":{"line":298,"column":5}},"135":{"start":{"line":221,"column":6},"end":{"line":292,"column":7}},"136":{"start":{"line":222,"column":8},"end":{"line":270,"column":9}},"137":{"start":{"line":223,"column":10},"end":{"line":232,"column":11}},"138":{"start":{"line":224,"column":12},"end":{"line":224,"column":55}},"139":{"start":{"line":225,"column":12},"end":{"line":231,"column":13}},"140":{"start":{"line":226,"column":14},"end":{"line":226,"column":40}},"141":{"start":{"line":227,"column":14},"end":{"line":227,"column":66}},"142":{"start":{"line":228,"column":14},"end":{"line":228,"column":35}},"143":{"start":{"line":230,"column":14},"end":{"line":230,"column":38}},"144":{"start":{"line":233,"column":10},"end":{"line":233,"column":42}},"145":{"start":{"line":234,"column":10},"end":{"line":244,"column":11}},"146":{"start":{"line":235,"column":12},"end":{"line":235,"column":67}},"147":{"start":{"line":236,"column":12},"end":{"line":242,"column":13}},"148":{"start":{"line":237,"column":14},"end":{"line":237,"column":40}},"149":{"start":{"line":238,"column":14},"end":{"line":238,"column":66}},"150":{"start":{"line":239,"column":14},"end":{"line":239,"column":35}},"151":{"start":{"line":241,"column":14},"end":{"line":241,"column":38}},"152":{"start":{"line":243,"column":12},"end":{"line":243,"column":31}},"153":{"start":{"line":246,"column":10},"end":{"line":246,"column":20}},"154":{"start":{"line":247,"column":10},"end":{"line":257,"column":11}},"155":{"start":{"line":248,"column":12},"end":{"line":248,"column":63}},"156":{"start":{"line":249,"column":12},"end":{"line":255,"column":13}},"157":{"start":{"line":250,"column":14},"end":{"line":250,"column":40}},"158":{"start":{"line":251,"column":14},"end":{"line":251,"column":66}},"159":{"start":{"line":252,"column":14},"end":{"line":252,"column":35}},"160":{"start":{"line":254,"column":14},"end":{"line":254,"column":38}},"161":{"start":{"line":256,"column":12},"end":{"line":256,"column":22}},"162":{"start":{"line":258,"column":10},"end":{"line":258,"column":42}},"163":{"start":{"line":259,"column":10},"end":{"line":269,"column":11}},"164":{"start":{"line":260,"column":12},"end":{"line":260,"column":67}},"165":{"start":{"line":261,"column":12},"end":{"line":267,"column":13}},"166":{"start":{"line":262,"column":14},"end":{"line":262,"column":40}},"167":{"start":{"line":263,"column":14},"end":{"line":263,"column":66}},"168":{"start":{"line":264,"column":14},"end":{"line":264,"column":35}},"169":{"start":{"line":266,"column":14},"end":{"line":266,"column":38}},"170":{"start":{"line":268,"column":12},"end":{"line":268,"column":31}},"171":{"start":{"line":271,"column":8},"end":{"line":271,"column":28}},"172":{"start":{"line":272,"column":8},"end":{"line":275,"column":9}},"173":{"start":{"line":273,"column":10},"end":{"line":273,"column":59}},"174":{"start":{"line":274,"column":10},"end":{"line":274,"column":28}},"175":{"start":{"line":276,"column":8},"end":{"line":276,"column":53}},"176":{"start":{"line":278,"column":8},"end":{"line":278,"column":46}},"177":{"start":{"line":279,"column":8},"end":{"line":289,"column":9}},"178":{"start":{"line":280,"column":10},"end":{"line":280,"column":65}},"179":{"start":{"line":281,"column":10},"end":{"line":287,"column":11}},"180":{"start":{"line":282,"column":12},"end":{"line":282,"column":38}},"181":{"start":{"line":283,"column":12},"end":{"line":283,"column":64}},"182":{"start":{"line":284,"column":12},"end":{"line":284,"column":33}},"183":{"start":{"line":286,"column":12},"end":{"line":286,"column":36}},"184":{"start":{"line":288,"column":10},"end":{"line":288,"column":29}},"185":{"start":{"line":293,"column":6},"end":{"line":293,"column":26}},"186":{"start":{"line":294,"column":6},"end":{"line":297,"column":7}},"187":{"start":{"line":295,"column":8},"end":{"line":295,"column":57}},"188":{"start":{"line":296,"column":8},"end":{"line":296,"column":26}},"189":{"start":{"line":301,"column":4},"end":{"line":301,"column":14}},"190":{"start":{"line":302,"column":4},"end":{"line":312,"column":5}},"191":{"start":{"line":303,"column":6},"end":{"line":303,"column":61}},"192":{"start":{"line":304,"column":6},"end":{"line":310,"column":7}},"193":{"start":{"line":305,"column":8},"end":{"line":305,"column":34}},"194":{"start":{"line":306,"column":8},"end":{"line":306,"column":60}},"195":{"start":{"line":307,"column":8},"end":{"line":307,"column":29}},"196":{"start":{"line":309,"column":8},"end":{"line":309,"column":32}},"197":{"start":{"line":311,"column":6},"end":{"line":311,"column":25}},"198":{"start":{"line":315,"column":4},"end":{"line":322,"column":5}},"199":{"start":{"line":316,"column":6},"end":{"line":316,"column":49}},"200":{"start":{"line":317,"column":6},"end":{"line":321,"column":35}},"201":{"start":{"line":318,"column":8},"end":{"line":318,"column":60}},"202":{"start":{"line":319,"column":8},"end":{"line":319,"column":14}},"203":{"start":{"line":321,"column":11},"end":{"line":321,"column":35}},"204":{"start":{"line":323,"column":4},"end":{"line":323,"column":33}},"205":{"start":{"line":327,"column":4},"end":{"line":327,"column":38}},"206":{"start":{"line":327,"column":28},"end":{"line":327,"column":38}},"207":{"start":{"line":328,"column":4},"end":{"line":328,"column":38}},"208":{"start":{"line":328,"column":26},"end":{"line":328,"column":38}},"209":{"start":{"line":329,"column":4},"end":{"line":329,"column":116}},"210":{"start":{"line":329,"column":76},"end":{"line":329,"column":112}},"211":{"start":{"line":333,"column":4},"end":{"line":344,"column":67}},"212":{"start":{"line":346,"column":4},"end":{"line":348,"column":5}},"213":{"start":{"line":347,"column":6},"end":{"line":347,"column":24}},"214":{"start":{"line":350,"column":4},"end":{"line":350,"column":13}},"215":{"start":{"line":351,"column":4},"end":{"line":351,"column":29}},"216":{"start":{"line":352,"column":4},"end":{"line":352,"column":12}},"217":{"start":{"line":353,"column":4},"end":{"line":362,"column":5}},"218":{"start":{"line":354,"column":6},"end":{"line":354,"column":38}},"219":{"start":{"line":355,"column":6},"end":{"line":355,"column":26}},"220":{"start":{"line":356,"column":6},"end":{"line":359,"column":7}},"221":{"start":{"line":357,"column":8},"end":{"line":357,"column":35}},"222":{"start":{"line":358,"column":8},"end":{"line":358,"column":46}},"223":{"start":{"line":360,"column":6},"end":{"line":360,"column":39}},"224":{"start":{"line":361,"column":6},"end":{"line":361,"column":18}},"225":{"start":{"line":364,"column":4},"end":{"line":399,"column":5}},"226":{"start":{"line":366,"column":10},"end":{"line":366,"column":19}},"227":{"start":{"line":367,"column":10},"end":{"line":367,"column":35}},"228":{"start":{"line":368,"column":10},"end":{"line":368,"column":18}},"229":{"start":{"line":369,"column":10},"end":{"line":378,"column":11}},"230":{"start":{"line":370,"column":12},"end":{"line":370,"column":44}},"231":{"start":{"line":371,"column":12},"end":{"line":371,"column":32}},"232":{"start":{"line":372,"column":12},"end":{"line":375,"column":13}},"233":{"start":{"line":373,"column":14},"end":{"line":373,"column":41}},"234":{"start":{"line":374,"column":14},"end":{"line":374,"column":52}},"235":{"start":{"line":376,"column":12},"end":{"line":376,"column":45}},"236":{"start":{"line":377,"column":12},"end":{"line":377,"column":24}},"237":{"start":{"line":379,"column":8},"end":{"line":379,"column":20}},"238":{"start":{"line":380,"column":8},"end":{"line":380,"column":14}},"239":{"start":{"line":382,"column":10},"end":{"line":382,"column":19}},"240":{"start":{"line":383,"column":10},"end":{"line":383,"column":36}},"241":{"start":{"line":384,"column":10},"end":{"line":384,"column":18}},"242":{"start":{"line":385,"column":10},"end":{"line":394,"column":11}},"243":{"start":{"line":386,"column":12},"end":{"line":386,"column":44}},"244":{"start":{"line":387,"column":12},"end":{"line":387,"column":32}},"245":{"start":{"line":388,"column":12},"end":{"line":391,"column":13}},"246":{"start":{"line":389,"column":14},"end":{"line":389,"column":41}},"247":{"start":{"line":390,"column":14},"end":{"line":390,"column":52}},"248":{"start":{"line":392,"column":12},"end":{"line":392,"column":45}},"249":{"start":{"line":393,"column":12},"end":{"line":393,"column":24}},"250":{"start":{"line":395,"column":8},"end":{"line":395,"column":20}},"251":{"start":{"line":396,"column":8},"end":{"line":396,"column":14}},"252":{"start":{"line":398,"column":8},"end":{"line":398,"column":18}},"253":{"start":{"line":400,"column":4},"end":{"line":400,"column":22}},"254":{"start":{"line":401,"column":4},"end":{"line":401,"column":10}},"255":{"start":{"line":402,"column":4},"end":{"line":402,"column":19}},"256":{"start":{"line":403,"column":4},"end":{"line":491,"column":5}},"257":{"start":{"line":404,"column":6},"end":{"line":406,"column":7}},"258":{"start":{"line":405,"column":8},"end":{"line":405,"column":18}},"259":{"start":{"line":408,"column":6},"end":{"line":408,"column":15}},"260":{"start":{"line":409,"column":6},"end":{"line":409,"column":37}},"261":{"start":{"line":410,"column":6},"end":{"line":410,"column":14}},"262":{"start":{"line":411,"column":6},"end":{"line":420,"column":7}},"263":{"start":{"line":412,"column":8},"end":{"line":412,"column":40}},"264":{"start":{"line":413,"column":8},"end":{"line":413,"column":28}},"265":{"start":{"line":414,"column":8},"end":{"line":417,"column":9}},"266":{"start":{"line":415,"column":10},"end":{"line":415,"column":37}},"267":{"start":{"line":416,"column":10},"end":{"line":416,"column":48}},"268":{"start":{"line":418,"column":8},"end":{"line":418,"column":41}},"269":{"start":{"line":419,"column":8},"end":{"line":419,"column":20}},"270":{"start":{"line":422,"column":6},"end":{"line":462,"column":7}},"271":{"start":{"line":424,"column":10},"end":{"line":424,"column":19}},"272":{"start":{"line":425,"column":10},"end":{"line":425,"column":35}},"273":{"start":{"line":426,"column":10},"end":{"line":426,"column":18}},"274":{"start":{"line":427,"column":10},"end":{"line":436,"column":11}},"275":{"start":{"line":428,"column":12},"end":{"line":428,"column":44}},"276":{"start":{"line":429,"column":12},"end":{"line":429,"column":32}},"277":{"start":{"line":430,"column":12},"end":{"line":433,"column":13}},"278":{"start":{"line":431,"column":14},"end":{"line":431,"column":41}},"279":{"start":{"line":432,"column":14},"end":{"line":432,"column":52}},"280":{"start":{"line":434,"column":12},"end":{"line":434,"column":45}},"281":{"start":{"line":435,"column":12},"end":{"line":435,"column":24}},"282":{"start":{"line":438,"column":10},"end":{"line":438,"column":43}},"283":{"start":{"line":439,"column":10},"end":{"line":439,"column":25}},"284":{"start":{"line":440,"column":10},"end":{"line":440,"column":22}},"285":{"start":{"line":441,"column":10},"end":{"line":441,"column":16}},"286":{"start":{"line":443,"column":10},"end":{"line":443,"column":19}},"287":{"start":{"line":444,"column":10},"end":{"line":444,"column":36}},"288":{"start":{"line":445,"column":10},"end":{"line":445,"column":18}},"289":{"start":{"line":446,"column":10},"end":{"line":455,"column":11}},"290":{"start":{"line":447,"column":12},"end":{"line":447,"column":44}},"291":{"start":{"line":448,"column":12},"end":{"line":448,"column":32}},"292":{"start":{"line":449,"column":12},"end":{"line":452,"column":13}},"293":{"start":{"line":450,"column":14},"end":{"line":450,"column":41}},"294":{"start":{"line":451,"column":14},"end":{"line":451,"column":52}},"295":{"start":{"line":453,"column":12},"end":{"line":453,"column":45}},"296":{"start":{"line":454,"column":12},"end":{"line":454,"column":24}},"297":{"start":{"line":456,"column":10},"end":{"line":456,"column":43}},"298":{"start":{"line":457,"column":10},"end":{"line":457,"column":25}},"299":{"start":{"line":458,"column":10},"end":{"line":458,"column":22}},"300":{"start":{"line":459,"column":10},"end":{"line":459,"column":16}},"301":{"start":{"line":461,"column":10},"end":{"line":461,"column":33}},"302":{"start":{"line":464,"column":6},"end":{"line":467,"column":7}},"303":{"start":{"line":465,"column":8},"end":{"line":465,"column":41}},"304":{"start":{"line":466,"column":8},"end":{"line":466,"column":18}},"305":{"start":{"line":469,"column":6},"end":{"line":477,"column":7}},"306":{"start":{"line":470,"column":8},"end":{"line":470,"column":30}},"307":{"start":{"line":472,"column":8},"end":{"line":476,"column":9}},"308":{"start":{"line":473,"column":10},"end":{"line":473,"column":34}},"309":{"start":{"line":475,"column":10},"end":{"line":475,"column":22}},"310":{"start":{"line":478,"column":6},"end":{"line":478,"column":25}},"311":{"start":{"line":481,"column":6},"end":{"line":481,"column":51}},"312":{"start":{"line":482,"column":6},"end":{"line":482,"column":18}},"313":{"start":{"line":484,"column":6},"end":{"line":484,"column":16}},"314":{"start":{"line":486,"column":6},"end":{"line":489,"column":7}},"315":{"start":{"line":487,"column":8},"end":{"line":487,"column":41}},"316":{"start":{"line":488,"column":8},"end":{"line":488,"column":18}},"317":{"start":{"line":494,"column":2},"end":{"line":494,"column":18}},"318":{"start":{"line":497,"column":0},"end":{"line":501,"column":1}},"319":{"start":{"line":498,"column":2},"end":{"line":498,"column":43}},"320":{"start":{"line":498,"column":23},"end":{"line":498,"column":39}},"321":{"start":{"line":499,"column":7},"end":{"line":501,"column":1}},"322":{"start":{"line":500,"column":2},"end":{"line":500,"column":27}}},"branchMap":{"1":{"line":19,"type":"if","locations":[{"start":{"line":19,"column":2},"end":{"line":19,"column":2}},{"start":{"line":19,"column":2},"end":{"line":19,"column":2}}]},"2":{"line":30,"type":"if","locations":[{"start":{"line":30,"column":4},"end":{"line":30,"column":4}},{"start":{"line":30,"column":4},"end":{"line":30,"column":4}}]},"3":{"line":32,"type":"switch","locations":[{"start":{"line":33,"column":4},"end":{"line":33,"column":12}},{"start":{"line":34,"column":4},"end":{"line":34,"column":24}},{"start":{"line":35,"column":4},"end":{"line":35,"column":30}},{"start":{"line":36,"column":4},"end":{"line":36,"column":29}},{"start":{"line":37,"column":4},"end":{"line":37,"column":28}}]},"4":{"line":42,"type":"if","locations":[{"start":{"line":42,"column":4},"end":{"line":42,"column":4}},{"start":{"line":42,"column":4},"end":{"line":42,"column":4}}]},"5":{"line":43,"type":"if","locations":[{"start":{"line":43,"column":4},
[...]
);","    }","    ","    return output;","    ","  }","}",""],"l":{"12":1,"15":0,"20":0,"22":0,"23":0,"24":0,"26":0,"27":0,"28":0,"30":0,"31":0,"32":0,"34":0,"35":0,"36":0,"38":0,"39":0,"40":0,"42":0,"43":0,"44":0,"46":0,"47":0,"48":0,"50":0,"51":0,"52":0,"54":0,"55":0,"56":0,"58":0,"59":0,"60":0,"62":0,"63":0,"64":0,"66":0,"67":0,"68":0,"70":0,"71":0,"72":0,"74":0,"75":0,"76":0,"78":0,"79":0,"80":0,"82":0,"83":0,"84":0,"87":0,"88":0,"93":0,"98":0,"99":0,"101":0,"103":0,"104":0,"106":0,"107":0,"108":0,"110":0,"111":0,"112":0,"114":0,"115":0,"116":0,"118":0,"119":0,"120":0,"122":0,"123":0,"124":0,"126":0,"127":0,"128":0,"130":0,"131":0,"132":0,"134":0,"135":0,"136":0,"138":0,"139":0,"140":0,"142":0,"143":0,"144":0,"146":0,"147":0,"148":0,"150":0,"151":0,"152":0,"154":0,"155":0,"156":0,"158":0,"159":0,"160":0,"162":0,"163":0,"164":0,"168":0,"171":0,"181":0,"182":0,"183":0,"184":0,"186":0,"188":0,"189":0,"190":0,"191":0,"192":0,"194":0,"196":0,"197":0,"198":0,"199":0,"201":0,"203":0,"205":0,"206":0,"207":0,"208":0,"210":0,"211":0,"212":0,"213":0,"216":0,"217":0,"218":0,"219":0,"222":0,"226":0,"233":0,"235":0,"237":0,"238":0,"239":0,"240":0,"242":0,"243":0,"244":0,"246":0,"247":0,"248":0,"250":0,"251":0,"252":0,"254":0,"255":0,"256":0,"259":0,"260":0,"262":0,"263":0,"264":0,"266":0,"267":0,"268":0,"271":0,"274":0,"275":0,"276":0,"277":0,"279":0,"282":0}},"/home/travis/build/npmtest/node-npmtest-lz-string/node_modules/lz-string/reference/lz-string-1.0.2.js":{"path":"/home/travis/build/npmtest/node-npmtest-lz-string/node_modules/lz-string/reference/lz-string-1.0.2.js","s":{"1":1,"2":0,"3":0,"4":0,"5":0,"6":0,"7":0,"8":0,"9":0,"10":0,"11":0,"12":0,"13":0,"14":0,"15":0,"16":0,"17":0,"18":0,"19":0,"20":0,"21":0,"22":0,"23":0,"24":0,"25":0,"26":0,"27":0,"28":0,"29":0,"30":0,"31":0,"32":0,"33":0,"34":0,"35":0,"36":0,"37":0,"38":0,"39":0,"40":0,"41":0,"42":0,"43":0,"44":0,"45":0,"46":0,"47":0,"48":0,"49":0,"50":0,"51":0,"52":0,"53":0,"54":0,"55":0,"56":0,"57":0,"58":0,"59":0,"60":0,"61":0,"62":0,"63":0,"64":0,"65":0,"66":0,"67":0,"68":0,"69":0,"70":0,"71":0,"72":0,"73":0,"74":0,"75":0,"76":0,"77":0,"78":0,"79":0,"80":0,"81":0,"82":0,"83":0,"84":0,"85":0,"86":0,"87":0,"88":0,"89":0,"90":0,"91":0,"92":0,"93":0,"94":0,"95":0,"96":0,"97":0,"98":0,"99":0,"100":0,"101":0},"b":{"1":[0,0],"2":[0,0],"3":[0,0],"4":[0,0],"5":[0,0],"6":[0,0],"7":[0,0],"8":[0,0],"9":[0,0],"10":[0,0],"11":[0,0,0],"12":[0,0,0],"13":[0,0],"14":[0,0],"15":[0,0],"16":[0,0],"17":[0,0]},"f":{"1":0,"2":0,"3":0,"4":0,"5":0,"6":0,"7":0,"8":0},"fnMap":{"1":{"name":"(anonymous_1)","line":9,"loc":{"start":{"line":9,"column":13},"end":{"line":9,"column":35}}},"2":{"name":"(anonymous_2)","line":20,"loc":{"start":{"line":20,"column":14},"end":{"line":20,"column":45}}},"3":{"name":"(anonymous_3)","line":29,"loc":{"start":{"line":29,"column":13},"end":{"line":29,"column":32}}},"4":{"name":"(anonymous_4)","line":46,"loc":{"start":{"line":46,"column":23},"end":{"line":46,"column":41}}},"5":{"name":"(anonymous_5)","line":54,"loc":{"start":{"line":54,"column":12},"end":{"line":54,"column":36}}},"6":{"name":"(anonymous_6)","line":99,"loc":{"start":{"line":99,"column":12},"end":{"line":99,"column":27}}},"7":{"name":"(anonymous_7)","line":110,"loc":{"start":{"line":110,"column":13},"end":{"line":110,"column":37}}},"8":{"name":"(anonymous_8)","line":121,"loc":{"start":{"line":121,"column":14},"end":{"line":121,"column":36}}}},"statementMap":{"1":{"start":{"line":7,"column":0},"end":{"line":204,"column":2}},"2":{"start":{"line":10,"column":4},"end":{"line":10,"column":39}},"3":{"start":{"line":11,"column":4},"end":{"line":17,"column":5}},"4":{"start":{"line":12,"column":6},"end":{"line":12,"column":24}},"5":{"start":{"line":13,"column":6},"end":{"line":13,"column":51}},"6":{"start":{"line":14,"column":6},"end":{"line":14,"column":19}},"7":{"start":{"line":16,"column":6},"end":{"line":16,"column":22}},"8":{"start":{"line":21,"column":4},"end":{"line":22,"column":34}},"9":{"start":{"line":22,"column":6},"end":{"line":22,"column":34}},"10":{"start":{"line":23,"column":4},"end":{"line":26,"column":5}},"11":{"start":{"line":24,"column":6},"end":{"line":24,"column":35}},"12":{"start":{"line":25,"column":6},"end":{"line":25,"column":25}},"13":{"start":{"line":30,"column":4},"end":{"line":42,"column":5}},"14":{"start":{"line":31,"column":6},"end":{"line":37,"column":7}},"15":{"start":{"line":32,"column":8},"end":{"line":32,"column":57}},"16":{"start":{"line":33,"column":8},"end":{"line":33,"column":51}},"17":{"start":{"line":35,"column":8},"end":{"line":35,"column":57}},"18":{"start":{"line":36,"column":8},"end":{"line":36,"column":52}},"19":{"start":{"line":38,"column":6},"end":{"line":38,"column":39}},"20":{"start":{"line":39,"column":6},"end":{"line":39,"column":51}},"21":{"start":{"line":41,"column":6},"end":{"line":41,"column":83}},"22":{"start":{"line":43,"column":4},"end":{"line":43,"column":37}},"23":{"start":{"line":47,"column":4},"end":{"line":47,"column":24}},"24":{"start":{"line":48,"column":4},"end":{"line":51,"column":5}},"25":{"start":{"line":49,"column":6},"end":{"line":49,"column":55}},"26":{"start":{"line":50,"column":6},"end":{"line":50,"column":24}},"27":{"start":{"line":55,"column":4},"end":{"line":66,"column":9}},"28":{"start":{"line":68,"column":4},"end":{"line":84,"column":5}},"29":{"start":{"line":69,"column":6},"end":{"line":69,"column":41}},"30":{"start":{"line":70,"column":6},"end":{"line":73,"column":7}},"31":{"start":{"line":71,"column":8},"end":{"line":71,"column":59}},"32":{"start":{"line":72,"column":8},"end":{"line":72,"column":53}},"33":{"start":{"line":75,"column":6},"end":{"line":75,"column":41}},"34":{"start":{"line":76,"column":6},"end":{"line":83,"column":7}},"35":{"start":{"line":77,"column":8},"end":{"line":77,"column":31}},"36":{"start":{"line":79,"column":8},"end":{"line":79,"column":31}},"37":{"start":{"line":81,"column":8},"end":{"line":81,"column":60}},"38":{"start":{"line":82,"column":8},"end":{"line":82,"column":38}},"39":{"start":{"line":87,"column":4},"end":{"line":89,"column":5}},"40":{"start":{"line":88,"column":6},"end":{"line":88,"column":29}},"41":{"start":{"line":92,"column":4},"end":{"line":92,"column":53}},"42":{"start":{"line":95,"column":4},"end":{"line":95,"column":60}},"43":{"start":{"line":95,"column":31},"end":{"line":95,"column":60}},"44":{"start":{"line":96,"column":4},"end":{"line":96,"column":31}},"45":{"start":{"line":100,"column":4},"end":{"line":100,"column":39}},"46":{"start":{"line":101,"column":4},"end":{"line":101,"column":24}},"47":{"start":{"line":102,"column":4},"end":{"line":105,"column":5}},"48":{"start":{"line":103,"column":6},"end":{"line":103,"column":28}},"49":{"start":{"line":104,"column":6},"end":{"line":104,"column":54}},"50":{"start":{"line":107,"column":4},"end":{"line":107,"column":25}},"51":{"start":{"line":111,"column":4},"end":{"line":111,"column":16}},"52":{"start":{"line":112,"column":4},"end":{"line":112,"column":39}},"53":{"start":{"line":113,"column":4},"end":{"line":113,"column":16}},"54":{"start":{"line":114,"column":4},"end":{"line":117,"column":5}},"55":{"start":{"line":115,"column":6},"end":{"line":115,"column":40}},"56":{"start":{"line":116,"column":6},"end":{"line":116,"column":18}},"57":{"start":{"line":118,"column":4},"end":{"line":118,"column":15}},"58":{"start":{"line":122,"column":4},"end":{"line":134,"column":90}},"59":{"start":{"line":136,"column":4},"end":{"line":138,"column":5}},"60":{"start":{"line":137,"column":6},"end":{"line":137,"column":24}},"61":{"start":{"line":140,"column":4},"end":{"line":140,"column":34}},"62":{"start":{"line":141,"column":4},"end":{"line":150,"column":5}},"63":{"start":{"line":143,"column":8},"end":{"line":143,"column":56}},"64":{"start":{"line":144,"column":8},"end":{"line":144,"column":14}},"65":{"start":{"line":146,"column":8},"end":{"line":146,"column":57}},"66":{"start":{"line":147,"column":8},"end":{"line":147,"column":14}},"67":{"start":{"line":149,"column":8},"end":{"line":149,"column":18}},"68":{"start":{"line":151,"column":4},"end":{"line":151,"column":22}},"69":{"start":{"line":152,"column":4},"end":{"line":152,"column":19}},"70":{"start":{"line":153,"column":4},"end":{"line":201,"column":5}},"71":{"start":{"line":154,"column":6},"end":{"line":154,"column":39}},"72":{"start":{"line":156,"column":6},"end":{"line":172,"column":7}},"73":{"start":{"line":158,"column":10},"end":{"line":158,"column":51}},"74":{"start":{"line":158,"column":36},"end":{"line":158,"column":51}},"75":{"start":{"line":159,"column":10},"end":{"line":159,"column":58}},"76":{"start":{"line":160,"column":10},"end":{"line":160,"column":37}},"77":{"start":{"line":161,"column":10},"end":{"line":161,"column":25}},"78":{"start":{"line":162,"column":10},"end":{"line":162,"column":22}},"79":{"start":{"line":163,"column":10},"end":{"line":163,"column":16}},"80":{"start":{"line":165,"column":10},"end":{"line":165,"column":59}},"81":{"start":{"line":166,"column":10},"end":{"line":166,"column":37}},"82":{"start":{"line":167,"column":10},"end":{"line":167,"column":25}},"83":{"start":{"line":168,"column":10},"end":{"line":168,"column":22}},"84":{"start":{"line":169,"column":10},"end":{"line":169,"column":16}},"85":{"start":{"line":171,"column":10},"end":{"line":171,"column":24}},"86":{"start":{"line":174,"column":6},"end":{"line":177,"column":7}},"87":{"start":{"line":175,"column":8},"end":{"line":175,"column":41}},"88":{"start":{"line":176,"column":8},"end":{"line":176,"column":18}},"89":{"start":{"line":179,"column":6},"end":{"line":187,"column":7}},"90":{"start":{"line":180,"column":8},"end":{"line":180,"column":30}},"91":{"start":{"line":182,"column":8},"end":{"line":186,"column":9}},"92":{"start":{"line":183,"column":10},"end":{"line":183,"column":34}},"93":{"start":{"line":185,"column":10},"end":{"line":185,"column":22}},"94":{"start":{"line":188,"column":6},"end":{"line":188,"column":22}},"95":{"start":{"line":191,"column":6},"end":{"line":191,"column":51}},"96":{"start":{"line":192,"column":6},"end":{"line":192,"column":18}},"97":{"start":{"line":194,"column":6},"end":{"line":194,"column":16}},"98":{"start":{"line":196,"column":6},"end":{"line":199,"column":7}},"99":{"start":{"line":197,"column":8},"end":{"line":197,"column":41}},"100":{"start":{"line":198,"column":8},"end":{"line":198,"column":18}},"101":{"start":{"line":202,"column":4},"end":{"line":202,"column":18}}},"branchMap":{"1":{"line":11,"type":"if","locations":[{"start":{"line":11,"column":4},"end":{"line":11,"column":4}},{"start":{"line":11,"column":4},"end":{"line":11,"column":4}}]},"2":{"line":21,"type":"if","locations":[{"start":{"line":21,"column":4},"end":{"line":21,"column":4}},{"start":{"line":21,"column":4},"end":{"line":21,"column":4}}]},"3":{"line":30,"type":"if","locations":[{"start":{"line":30,"column":4},"end":{"line":30,"column":4}},{"start":{"line":30,"column":4},"end":{"line":30,"column":4}}]},"4":{"line":31,"type":"if","locations":[{"start":{"line":31,"column":6},"end":{"line":31,"column":6}},{"start":{"line":31,"column":6},"end":{"line":31,"column":6}}]},"5":{"line":48,"type":"if","locations":[{"start":{"line":48,"column":4},"end":{"line":48,"column":4}},{"start":{"line":48,"column":4},"end":{"line":48,"column":4}}]},"6":{"line":70,"type":"if","locations":[{"start":{"line":70,"column":6},"end":{"line":70,"column":6}},{"start":{"line":70,"column":6},"end":{"line":70,"column":6}}]},"7":{"line":76,"type":"if","locations":[{"start":{"line":76,"column":6},"end":{"line":76,"column":6}},{"start":{"line":76,"column":6},"end":{"line":76,"column":6}}]},"8":{"line":87,"type":"if","locations":[{"start":{"line":87,"column":4},"end":{"line":87,"column":4}},{"start":{"line":87,"column":4},"end":{"line":87,"column":4}}]},"9":{"line":102,"type":"if","locations":[{"start":{"line":102,"column":4},"end":{"line":102,"column":4}},{"start":{"line":102,"column":4},"end":{"line":102,"column":4}}]},"10":{"line":107,"type":"cond-expr","locations":[{"start":{"line":107,"column":19},"end":{"line":107,"column":20}},{"start":{"line":107,"column":23},"end":{"line":107,"column":24}}]},"11":{"line":141,"type":"switch","locations":[{"start":{"line":142,"column":6},"end":{"line":144,"column":14}},{"start":{"line":145,"column":6},"end":{"line":147,"column":14}},{"start":{"line":148,"column":6},"end":{"line":149,"column":18}}]},"12":{"line":156,"type":"switch","locations":[{"start":{"line":157,"column":8},"end":{"line":163,"column":16}},{"start":{"line":164,"column":8},"end":{"line":169,"column":16}},{"start":{"line":170,"column":8},"end":{"line":171,"column":24}}]},"13":{"line":158,"type":"if","locations":[{"start":{"line":158,"column":10},"end":{"line":158,"column":10}},{"start":{"line":158,"column":10},"end":{"line":158,"column":10}}]},"14":{"line":174,"type":"if","locations":[{"start":{"line":174,"column":6},"end":{"line":174,"column":6}},{"start":{"line":174,"column":6},"end":{"line":174,"column":6}}]},"15":{"line":179,"type":"if","locations":[{"start":{"line":179,"column":6},"end":{"line":179,"column":6}},{"start":{"line":179,"column":6},"end":{"line":179,"column":6}}]},"16":{"line":182,"type":"if","locations":[{"start":{"line":182,"column":8},"end":{"line":182,"column":8}},{"start":{"line":182,"column":8},"end":{"line":182,"column":8}}]},"17":{"line":196,"type":"if","locations":[{"start":{"line":196,"column":6},"end":{"line":196,"column":6}},{"start":{"line":196,"column":6},"end":{"line":196,"column":6}}]}},"code":["// Copyright © 2013 Pieroxy <pieroxy@pieroxy.net>","// This work is free. You can redistribute it and/or modify it","// under the terms of the WTFPL, Version 2","// For more information see LICENSE.txt or http://www.wtfpl.net/","//","// LZ-based compression algorithm, version 1.0.2-rc1","var LZString = {","","  writeBit : function(value, data) {","    data.val = (data.val << 1) | value;","    if (data.position == 15) {","      data.position = 0;","      data.string += String.fromCharCode(data.val);","      data.val = 0;","    } else {","      data.position++;","    }","  },","  ","  writeBits : function(numBits, value, data) {","    if (typeof(value)==\"string\")","      value = value.charCodeAt(0);","    for (var i=0 ; i<numBits ; i++) {","      this.writeBit(value&1, data);","      value = value >> 1;","    }","  },","  ","  produceW : function (context) {","    if (Object.prototype.hasOwnProperty.call(context.dictionaryToCreate,context.w)) {","      if (context.w.charCodeAt(0)<256) {","        this.writeBits(context.numBits, 0, context.data);","        this.writeBits(8, context.w, context.data);","      } else {","        this.writeBits(context.numBits, 1, context.data);","        this.writeBits(16, context.w, context.data);","      }","      this.decrementEnlargeIn(context);","      delete context.dictionaryToCreate[context.w];","    } else {","      this.writeBits(context.numBits, context.dictionary[context.w], context.data);","    }","    this.decrementEnlargeIn(context);","  },","  ","  decrementEnlargeIn : function(context) {","    context.enlargeIn--;","    if (context.enlargeIn == 0) {","      context.enlargeIn = Math.pow(2, context.numBits);","      context.numBits++;","    }","  },","  ","  compress: function (uncompressed) {","    var context = {","      dictionary: {},","      dictionaryToCreate: {},","      c:\"\",","      wc:\"\",","      w:\"\",","      enlargeIn: 2, // Compensate for the first entry which should not count","      dictSize: 3,","      numBits: 2,","      result: \"\",","      data: {string:\"\", val:0, position:0}","    }, i;","    ","    for (i = 0; i < uncompressed.length; i += 1) {","      context.c = uncompressed.charAt(i);","      if (!Object.prototype.hasOwnProperty.call(context.dictionary,context.c)) {","        context.dictionary[context.c] = context.dictSize++;","        context.dictionaryToCreate[context.c] = true;","      }","      ","      context.wc = context.w + context.c;","      if (Object.prototype.hasOwnProperty.call(context.dictionary,context.wc)) {","        context.w = context.wc;","      } else {","        this.produceW(context);","        // Add wc to the dictionary.","        context.dictionary[context.wc] = context.dictSize++;","        context.w = String(context.c);","      }","    }","    ","    // Output the code for w.","    if (context.w !== \"\") {","      this.produceW(context);","    }","    ","    // Mark the end of the stream","    this.writeBits(context.numBits, 2, context.data);","    ","    // Flush the last char","    while (context.data.val>0) this.writeBit(0,context.data)","    return context.data.string;","  },","  ","  readBit : function(data) {","    var res = data.val & data.position;","    data.position >>= 1;","    if (data.position == 0) {","      data.position = 32768;","      data.val = data.string.charCodeAt(data.index++);","    }","    //data.val = (data.val << 1);","    return res>0 ? 1 : 0;","  },","  ","  readBits : function(numBits, data) {","    var res = 0;","    var maxpower = Math.pow(2,numBits);","    var power=1;","    while (power!=maxpower) {","      res |= this.readBit(data) * power;","      power <<= 1;","    }","    return res;","  },","  ","  decompress: function (compressed) {","    var dictionary = {},","        next,","        enlargeIn = 4,","        dictSize = 4,","        numBits = 3,","        entry = \"\",","        result = \"\",","        i,","        w,","        c,","        errorCount=0,","        literal,","        data = {string:compressed, val:compressed.charCodeAt(0), position:32768, index:1};","    ","    for (i = 0; i < 3; i += 1) {","      dictionary[i] = i;","    }","    ","    next = this.readBits(2, data);","    switch (next) {","      case 0: ","        c = String.fromCharCode(this.readBits(8, data));","        break;","      case 1: ","        c = String.fromCharCode(this.readBits(16, data));","        break;","      case 2: ","        return \"\";","    }","    dictionary[3] = c;","    w = result = c;","    while (true) {","      c = this.readBits(numBits, data);","      ","      switch (c) {","        case 0: ","          if (errorCount++ > 10000) return \"Error\";","          c = String.fromCharCode(this.readBits(8, data));","          dictionary[dictSize++] = c;","          c = dictSize-1;","          enlargeIn--;","          break;","        case 1: ","          c = String.fromCharCode(this.readBits(16, data));","          dictionary[dictSize++] = c;","          c = dictSize-1;","          enlargeIn--;","          break;","        case 2: ","          return result;","      }","      ","      if (enlargeIn == 0) {","        enlargeIn = Math.pow(2, numBits);","        numBits++;","      }","","      if (dictionary[c]) {","        entry = dictionary[c];","      } else {","        if (c === dictSize) {","          entry = w + w.charAt(0);","        } else {","          return null;","        }","      }","      result += entry;","      ","      // Add w+entry[0] to the dictionary.","      dictionary[dictSize++] = w + entry.charAt(0);","      enlargeIn--;","      ","      w = entry;","      ","      if (enlargeIn == 0) {","        enlargeIn = Math.pow(2, numBits);","        numBits++;","      }","      ","    }","    return result;","  }","};",""],"l":{"7":1,"10":0,"11":0,"12":0,"13":0,"14":0,"16":0,"21":0,"22":0,"23":0,"24":0,"25":0,"30":0,"31":0,"32":0,"33":0,"35":0,"36":0,"38":0,"39":0,"41":0,"43":0,"47":0,"48":0,"49":0,"50":0,"55":0,"68":0,"69":0,"70":0,"71":0,"72":0,"75":0,"76":0,"77":0,"79":0,"81":0,"82":0,"87":0,"88":0,"92":0,"95":0,"96":0,"100":0,"101":0,"102":0,"103":0,"104":0,"107":0,"111":0,"112":0,"113":0,"114":0,"115":0,"116":0,"118":0,"122":0,"136":0,"137":0,"140":0,"141":0,"143":0,"144":0,"146":0,"147":0,"149":0,"151":0,"152":0,"153":0,"154":0,"156":0,"158":0,"159":0,"160":0,"161":0,"162":0,"163":0,"165":0,"166":0,"167":0,"168":0,"169":0,"171":0,"174":0,"175":0,"176":0,"179":0,"180":0,"182":0,"183":0,"185":0,"188":0,"191":0,"192":0,"194":0,"196":0,"197":0,"198":0,"202":0}}}